Log file open, 10/26/20 08:53:36
LogWindows: Failed to load 'aqProf.dll' (GetLastError=126)
LogWindows: File 'aqProf.dll' does not exist
LogWindows: Failed to load 'VtuneApi.dll' (GetLastError=126)
LogWindows: File 'VtuneApi.dll' does not exist
LogWindows: Failed to load 'VtuneApi32e.dll' (GetLastError=126)
LogWindows: File 'VtuneApi32e.dll' does not exist
LogConsoleResponse: Display: Failed to find resolution value strings in scalability ini. Falling back to default.
LogInit: Display: Running engine for game: dongzhanToUE4
LogPlatformFile: Not using cached read wrapper
LogTaskGraph: Started task graph with 5 named threads and 20 total threads with 3 sets of task threads.
LogStats: Stats thread started at 0.146912
LogD3D11RHI: Loaded GFSDK_Aftermath_Lib.x64.dll
LogICUInternationalization: ICU TimeZone Detection - Raw Offset: +8:00, Platform Override: ''
LogPluginManager: Mounting plugin Paper2D
LogPluginManager: Mounting plugin AISupport
LogPluginManager: Mounting plugin LiveLink
LogPluginManager: Mounting plugin LightPropagationVolume
LogPluginManager: Mounting plugin ActorLayerUtilities
LogPluginManager: Mounting plugin AnimationSharing
LogPluginManager: Mounting plugin CLionSourceCodeAccess
LogPluginManager: Mounting plugin CodeLiteSourceCodeAccess
LogPluginManager: Mounting plugin GitSourceControl
LogPluginManager: Mounting plugin KDevelopSourceCodeAccess
LogPluginManager: Mounting plugin NullSourceCodeAccess
LogPluginManager: Mounting plugin PerforceSourceControl
LogPluginManager: Mounting plugin SubversionSourceControl
LogPluginManager: Mounting plugin UObjectPlugin
LogPluginManager: Mounting plugin VisualStudioCodeSourceCodeAccess
LogPluginManager: Mounting plugin VisualStudioSourceCodeAccess
LogPluginManager: Mounting plugin XCodeSourceCodeAccess
LogPluginManager: Mounting plugin AssetManagerEditor
LogPluginManager: Mounting plugin CryptoKeys
LogPluginManager: Mounting plugin CurveEditorTools
LogPluginManager: Mounting plugin DataValidation
LogPluginManager: Mounting plugin FacialAnimation
LogPluginManager: Mounting plugin GameplayTagsEditor
LogPluginManager: Mounting plugin MacGraphicsSwitching
LogPluginManager: Mounting plugin MaterialAnalyzer
LogPluginManager: Mounting plugin MobileLauncherProfileWizard
LogPluginManager: Mounting plugin PluginBrowser
LogPluginManager: Mounting plugin SpeedTreeImporter
LogPluginManager: Mounting plugin DatasmithContent
LogPluginManager: Mounting plugin VariantManagerContent
LogPluginManager: Mounting plugin AlembicImporter
LogPluginManager: Mounting plugin AutomationUtils
LogPluginManager: Mounting plugin BackChannel
LogPluginManager: Mounting plugin CharacterAI
LogPluginManager: Mounting plugin GeometryCache
LogPluginManager: Mounting plugin HTML5Networking
LogPluginManager: Mounting plugin PlatformCrypto
LogPluginManager: Mounting plugin ProxyLODPlugin
LogPluginManager: Mounting plugin SkeletalReduction
LogPluginManager: Mounting plugin MagicLeap
LogPluginManager: Mounting plugin MagicLeapMedia
LogPluginManager: Mounting plugin AndroidMedia
LogPluginManager: Mounting plugin AvfMedia
LogPluginManager: Mounting plugin ImgMedia
LogPluginManager: Mounting plugin MediaCompositing
LogPluginManager: Mounting plugin MediaPlayerEditor
LogPluginManager: Mounting plugin WebMMedia
LogPluginManager: Mounting plugin WmfMedia
LogPluginManager: Mounting plugin TcpMessaging
LogPluginManager: Mounting plugin UdpMessaging
LogPluginManager: Mounting plugin ActorSequence
LogPluginManager: Mounting plugin LevelSequenceEditor
LogPluginManager: Mounting plugin MatineeToLevelSequence
LogPluginManager: Mounting plugin NetcodeUnitTest
LogPluginManager: Mounting plugin NUTUnrealEngine4
LogPluginManager: Mounting plugin OnlineSubsystemGooglePlay
LogPluginManager: Mounting plugin OnlineSubsystemIOS
LogPluginManager: Mounting plugin OnlineSubsystem
LogPluginManager: Mounting plugin OnlineSubsystemNull
LogPluginManager: Mounting plugin OnlineSubsystemUtils
LogPluginManager: Mounting plugin LauncherChunkInstaller
LogPluginManager: Mounting plugin AndroidDeviceProfileSelector
LogPluginManager: Mounting plugin AndroidMoviePlayer
LogPluginManager: Mounting plugin AndroidPermission
LogPluginManager: Mounting plugin AppleImageUtils
LogPluginManager: Mounting plugin AppleMoviePlayer
LogPluginManager: Mounting plugin ArchVisCharacter
LogPluginManager: Mounting plugin AudioCapture
LogPluginManager: Mounting plugin CableComponent
LogPluginManager: Mounting plugin CustomMeshComponent
LogPluginManager: Mounting plugin EditableMesh
LogPluginManager: Mounting plugin ExampleDeviceProfileSelector
LogPluginManager: Mounting plugin GoogleCloudMessaging
LogPluginManager: Mounting plugin IOSDeviceProfileSelector
LogPluginManager: Mounting plugin LinuxDeviceProfileSelector
LogPluginManager: Mounting plugin LocationServicesBPLibrary
LogPluginManager: Mounting plugin MobilePatchingUtils
LogPluginManager: Mounting plugin OculusVR
LogPluginManager: Mounting plugin PhysXVehicles
LogPluginManager: Mounting plugin ProceduralMeshComponent
LogPluginManager: Mounting plugin RuntimePhysXCooking
LogPluginManager: Mounting plugin SignificanceManager
LogPluginManager: Mounting plugin SteamVR
LogPluginManager: Mounting plugin WebMMoviePlayer
LogPluginManager: Mounting plugin WindowsMoviePlayer
LogPluginManager: Mounting plugin ScreenshotTools
LogPluginManager: Mounting plugin Takes
LogInit: Using libcurl 7.55.1-DEV
LogInit:  - built for x86_64-pc-win32
LogInit:  - supports SSL with OpenSSL/1.1.1
LogInit:  - supports HTTP deflate (compression) using libz 1.2.8
LogInit:  - other features:
LogInit:      CURL_VERSION_SSL
LogInit:      CURL_VERSION_LIBZ
LogInit:      CURL_VERSION_IPV6
LogInit:      CURL_VERSION_ASYNCHDNS
LogInit:      CURL_VERSION_LARGEFILE
LogInit:      CURL_VERSION_IDN
LogInit:  CurlRequestOptions (configurable via config and command line):
LogInit:  - bVerifyPeer = true  - Libcurl will verify peer certificate
LogInit:  - bUseHttpProxy = false  - Libcurl will NOT use HTTP proxy
LogInit:  - bDontReuseConnections = false  - Libcurl will reuse connections
LogInit:  - MaxHostConnections = 16  - Libcurl will limit the number of connections to a host
LogInit:  - LocalHostAddr = Default
LogInit:  - BufferSize = 65536
LogOnline: OSS: Creating online subsystem instance for: NULL
LogInit: WinSock: version 1.1 (2.2), MaxSocks=32767, MaxUdp=65467
LogInit: Build: ++UE4+Release-4.23-CL-9631420
LogInit: Engine Version: 4.23.1-9631420+++UE4+Release-4.23
LogInit: Compatible Engine Version: 4.23.0-8386587+++UE4+Release-4.23
LogInit: Net CL: 8386587
LogInit: OS: Windows 10 (Release 1909) (), CPU: Intel(R) Core(TM) i5-9500 CPU @ 3.00GHz, GPU: Intel(R) UHD Graphics 630
LogInit: Compiled (64-bit): Oct 18 2019 02:07:44
LogInit: Compiled with Visual C++: 19.16.27030.01
LogInit: Build Configuration: Development
LogInit: Branch Name: ++UE4+Release-4.23
LogInit: Command Line:  -EpicPortal -epicusername=Lilia921118 -epicuserid=8f4152f68a7c4ab8995455547e1271ee -epiclocale=zh-CN
LogInit: Base Directory: D:/ue4/UE_4.23/Engine/Binaries/Win64/
LogInit: Installed Engine Build: 1
LogDevObjectVersion: Number of dev versions registered: 23
LogDevObjectVersion:   Dev-Blueprints (B0D832E4-1F89-4F0D-ACCF-7EB736FD4AA2): 10
LogDevObjectVersion:   Dev-Build (E1C64328-A22C-4D53-A36C-8E866417BD8C): 0
LogDevObjectVersion:   Dev-Core (375EC13C-06E4-48FB-B500-84F0262A717E): 3
LogDevObjectVersion:   Dev-Editor (E4B068ED-F494-42E9-A231-DA0B2E46BB41): 34
LogDevObjectVersion:   Dev-Framework (CFFC743F-43B0-4480-9391-14DF171D2073): 35
LogDevObjectVersion:   Dev-Mobile (B02B49B5-BB20-44E9-A304-32B752E40360): 2
LogDevObjectVersion:   Dev-Networking (A4E4105C-59A1-49B5-A7C5-40C4547EDFEE): 0
LogDevObjectVersion:   Dev-Online (39C831C9-5AE6-47DC-9A44-9C173E1C8E7C): 0
LogDevObjectVersion:   Dev-Physics (78F01B33-EBEA-4F98-B9B4-84EACCB95AA2): 0
LogDevObjectVersion:   Dev-Platform (6631380F-2D4D-43E0-8009-CF276956A95A): 0
LogDevObjectVersion:   Dev-Rendering (12F88B9F-8875-4AFC-A67C-D90C383ABD29): 31
LogDevObjectVersion:   Dev-Sequencer (7B5AE74C-D270-4C10-A958-57980B212A5A): 11
LogDevObjectVersion:   Dev-VR (D7296918-1DD6-4BDD-9DE2-64A83CC13884): 2
LogDevObjectVersion:   Dev-LoadTimes (C2A15278-BFE7-4AFE-6C17-90FF531DF755): 1
LogDevObjectVersion:   Private-Geometry (6EACA3D4-40EC-4CC1-B786-8BED09428FC5): 3
LogDevObjectVersion:   Dev-AnimPhys (29E575DD-E0A3-4627-9D10-D276232CDCEA): 17
LogDevObjectVersion:   Dev-Anim (AF43A65D-7FD3-4947-9873-3E8ED9C1BB05): 2
LogDevObjectVersion:   Dev-ReflectionCapture (6B266CEC-1EC7-4B8F-A30B-E4D90942FC07): 1
LogDevObjectVersion:   Dev-Automation (0DF73D61-A23F-47EA-B727-89E90C41499A): 1
LogDevObjectVersion:   FortniteMain (601D1886-AC64-4F84-AA16-D3DE0DEAC7D6): 27
LogDevObjectVersion:   Dev-Enterprise (9DFFBCD6-494F-0158-E221-12823C92A888): 6
LogDevObjectVersion:   Dev-Niagara (F2AED0AC-9AFE-416F-8664-AA7FFA26D6FC): 1
LogDevObjectVersion:   Dev-Destruction (174F1F0B-B4C6-45A5-B13F-2EE8D0FB917D): 9
LogInit: Presizing for max 16777216 objects, including 0 objects not considered by GC, pre-allocating 0 bytes for permanent pool.
LogInit: Object subsystem initialized
LogConfig: Setting CVar [[con.DebugEarlyDefault:1]]
LogConfig: Setting CVar [[r.setres:1280x720]]
[2020.10.26-00.53.41:614][  0]LogConfig: Setting CVar [[r.VSync:0]]
[2020.10.26-00.53.41:614][  0]LogConfig: Setting CVar [[r.RHICmdBypass:0]]
[2020.10.26-00.53.41:614][  0]LogConfig: Applying CVar settings from Section [/Script/Engine.RendererSettings] File [D:/jinandongzhan/dongzhanToUE4/Saved/Config/Windows/Engine.ini]
[2020.10.26-00.53.41:614][  0]LogConfig: Setting CVar [[r.GPUCrashDebugging:0]]
[2020.10.26-00.53.41:614][  0]LogConfig: Setting CVar [[r.DefaultFeature.AutoExposure.ExtendDefaultLuminanceRange:1]]
[2020.10.26-00.53.41:614][  0]LogConfig: Applying CVar settings from Section [/Script/Engine.RendererOverrideSettings] File [D:/jinandongzhan/dongzhanToUE4/Saved/Config/Windows/Engine.ini]
[2020.10.26-00.53.41:614][  0]LogConfig: Applying CVar settings from Section [/Script/Engine.StreamingSettings] File [D:/jinandongzhan/dongzhanToUE4/Saved/Config/Windows/Engine.ini]
[2020.10.26-00.53.41:614][  0]LogConfig: Setting CVar [[s.MinBulkDataSizeForAsyncLoading:131072]]
[2020.10.26-00.53.41:614][  0]LogConfig: Setting CVar [[s.AsyncLoadingThreadEnabled:0]]
[2020.10.26-00.53.41:614][  0]LogConfig: Setting CVar [[s.EventDrivenLoaderEnabled:1]]
[2020.10.26-00.53.41:614][  0]LogConfig: Setting CVar [[s.WarnIfTimeLimitExceeded:0]]
[2020.10.26-00.53.41:614][  0]LogConfig: Setting CVar [[s.TimeLimitExceededMultiplier:1.5]]
[2020.10.26-00.53.41:614][  0]LogConfig: Setting CVar [[s.TimeLimitExceededMinTime:0.005]]
[2020.10.26-00.53.41:614][  0]LogConfig: Setting CVar [[s.UseBackgroundLevelStreaming:1]]
[2020.10.26-00.53.41:614][  0]LogConfig: Setting CVar [[s.PriorityAsyncLoadingExtraTime:15.0]]
[2020.10.26-00.53.41:614][  0]LogConfig: Setting CVar [[s.LevelStreamingActorsUpdateTimeLimit:5.0]]
[2020.10.26-00.53.41:614][  0]LogConfig: Setting CVar [[s.PriorityLevelStreamingActorsUpdateExtraTime:5.0]]
[2020.10.26-00.53.41:614][  0]LogConfig: Setting CVar [[s.LevelStreamingComponentsRegistrationGranularity:10]]
[2020.10.26-00.53.41:614][  0]LogConfig: Setting CVar [[s.UnregisterComponentsTimeLimit:1.0]]
[2020.10.26-00.53.41:614][  0]LogConfig: Setting CVar [[s.LevelStreamingComponentsUnregistrationGranularity:5]]
[2020.10.26-00.53.41:614][  0]LogConfig: Applying CVar settings from Section [/Script/Engine.GarbageCollectionSettings] File [D:/jinandongzhan/dongzhanToUE4/Saved/Config/Windows/Engine.ini]
[2020.10.26-00.53.41:614][  0]LogConfig: Setting CVar [[gc.MaxObjectsNotConsideredByGC:1]]
[2020.10.26-00.53.41:614][  0]LogConfig: Setting CVar [[gc.SizeOfPermanentObjectPool:0]]
[2020.10.26-00.53.41:614][  0]LogConfig: Setting CVar [[gc.FlushStreamingOnGC:0]]
[2020.10.26-00.53.41:614][  0]LogConfig: Setting CVar [[gc.NumRetriesBeforeForcingGC:10]]
[2020.10.26-00.53.41:614][  0]LogConfig: Setting CVar [[gc.AllowParallelGC:1]]
[2020.10.26-00.53.41:614][  0]LogConfig: Setting CVar [[gc.TimeBetweenPurgingPendingKillObjects:61.1]]
[2020.10.26-00.53.41:614][  0]LogConfig: Setting CVar [[gc.MaxObjectsInEditor:16777216]]
[2020.10.26-00.53.41:614][  0]LogConfig: Setting CVar [[gc.IncrementalBeginDestroyEnabled:1]]
[2020.10.26-00.53.41:614][  0]LogConfig: Setting CVar [[gc.CreateGCClusters:1]]
[2020.10.26-00.53.41:614][  0]LogConfig: Setting CVar [[gc.MinGCClusterSize:5]]
[2020.10.26-00.53.41:614][  0]LogConfig: Setting CVar [[gc.ActorClusteringEnabled:0]]
[2020.10.26-00.53.41:614][  0]LogConfig: Setting CVar [[gc.BlueprintClusteringEnabled:0]]
[2020.10.26-00.53.41:614][  0]LogConfig: Setting CVar [[gc.UseDisregardForGCOnDedicatedServers:0]]
[2020.10.26-00.53.41:614][  0]LogConfig: Applying CVar settings from Section [/Script/Engine.NetworkSettings] File [D:/jinandongzhan/dongzhanToUE4/Saved/Config/Windows/Engine.ini]
[2020.10.26-00.53.41:615][  0]LogConfig: Applying CVar settings from Section [/Script/UnrealEd.CookerSettings] File [D:/jinandongzhan/dongzhanToUE4/Saved/Config/Windows/Engine.ini]
[2020.10.26-00.53.41:789][  0]LogConfig: Applying CVar settings from Section [ViewDistanceQuality@3] File [D:/jinandongzhan/dongzhanToUE4/Saved/Config/Windows/Scalability.ini]
[2020.10.26-00.53.41:790][  0]LogConfig: Setting CVar [[r.SkeletalMeshLODBias:0]]
[2020.10.26-00.53.41:790][  0]LogConfig: Setting CVar [[r.ViewDistanceScale:1.0]]
[2020.10.26-00.53.41:790][  0]LogConfig: Applying CVar settings from Section [AntiAliasingQuality@3] File [D:/jinandongzhan/dongzhanToUE4/Saved/Config/Windows/Scalability.ini]
[2020.10.26-00.53.41:790][  0]LogConfig: Setting CVar [[r.PostProcessAAQuality:4]]
[2020.10.26-00.53.41:790][  0]LogConfig: Applying CVar settings from Section [ShadowQuality@3] File [D:/jinandongzhan/dongzhanToUE4/Saved/Config/Windows/Scalability.ini]
[2020.10.26-00.53.41:790][  0]LogConfig: Setting CVar [[r.LightFunctionQuality:1]]
[2020.10.26-00.53.41:790][  0]LogConfig: Setting CVar [[r.ShadowQuality:5]]
[2020.10.26-00.53.41:790][  0]LogConfig: Setting CVar [[r.Shadow.CSM.MaxCascades:10]]
[2020.10.26-00.53.41:790][  0]LogConfig: Setting CVar [[r.Shadow.MaxResolution:2048]]
[2020.10.26-00.53.41:790][  0]LogConfig: Setting CVar [[r.Shadow.MaxCSMResolution:2048]]
[2020.10.26-00.53.41:790][  0]LogConfig: Setting CVar [[r.Shadow.RadiusThreshold:0.01]]
[2020.10.26-00.53.41:790][  0]LogConfig: Setting CVar [[r.Shadow.DistanceScale:1.0]]
[2020.10.26-00.53.41:790][  0]LogConfig: Setting CVar [[r.Shadow.CSM.TransitionScale:1.0]]
[2020.10.26-00.53.41:790][  0]LogConfig: Setting CVar [[r.Shadow.PreShadowResolutionFactor:1.0]]
[2020.10.26-00.53.41:790][  0]LogConfig: Setting CVar [[r.DistanceFieldShadowing:1]]
[2020.10.26-00.53.41:790][  0]LogConfig: Setting CVar [[r.DistanceFieldAO:1]]
[2020.10.26-00.53.41:790][  0]LogConfig: Setting CVar [[r.AOQuality:2]]
[2020.10.26-00.53.41:790][  0]LogConfig: Setting CVar [[r.VolumetricFog:1]]
[2020.10.26-00.53.41:791][  0]LogConfig: Setting CVar [[r.VolumetricFog.GridPixelSize:8]]
[2020.10.26-00.53.41:791][  0]LogConfig: Setting CVar [[r.VolumetricFog.GridSizeZ:128]]
[2020.10.26-00.53.41:791][  0]LogConfig: Setting CVar [[r.VolumetricFog.HistoryMissSupersampleCount:4]]
[2020.10.26-00.53.41:791][  0]LogConfig: Setting CVar [[r.LightMaxDrawDistanceScale:1]]
[2020.10.26-00.53.41:791][  0]LogConfig: Setting CVar [[r.CapsuleShadows:1]]
[2020.10.26-00.53.41:791][  0]LogConfig: Applying CVar settings from Section [PostProcessQuality@3] File [D:/jinandongzhan/dongzhanToUE4/Saved/Config/Windows/Scalability.ini]
[2020.10.26-00.53.41:791][  0]LogConfig: Setting CVar [[r.MotionBlurQuality:4]]
[2020.10.26-00.53.41:791][  0]LogConfig: Setting CVar [[r.AmbientOcclusionMipLevelFactor:0.4]]
[2020.10.26-00.53.41:791][  0]LogConfig: Setting CVar [[r.AmbientOcclusionMaxQuality:100]]
[2020.10.26-00.53.41:791][  0]LogConfig: Setting CVar [[r.AmbientOcclusionLevels:-1]]
[2020.10.26-00.53.41:791][  0]LogConfig: Setting CVar [[r.AmbientOcclusionRadiusScale:1.0]]
[2020.10.26-00.53.41:791][  0]LogConfig: Setting CVar [[r.DepthOfFieldQuality:2]]
[2020.10.26-00.53.41:791][  0]LogConfig: Setting CVar [[r.RenderTargetPoolMin:400]]
[2020.10.26-00.53.41:791][  0]LogConfig: Setting CVar [[r.LensFlareQuality:2]]
[2020.10.26-00.53.41:791][  0]LogConfig: Setting CVar [[r.SceneColorFringeQuality:1]]
[2020.10.26-00.53.41:791][  0]LogConfig: Setting CVar [[r.EyeAdaptationQuality:2]]
[2020.10.26-00.53.41:791][  0]LogConfig: Setting CVar [[r.BloomQuality:5]]
[2020.10.26-00.53.41:791][  0]LogConfig: Setting CVar [[r.FastBlurThreshold:100]]
[2020.10.26-00.53.41:791][  0]LogConfig: Setting CVar [[r.Upscale.Quality:3]]
[2020.10.26-00.53.41:791][  0]LogConfig: Setting CVar [[r.Tonemapper.GrainQuantization:1]]
[2020.10.26-00.53.41:792][  0]LogConfig: Setting CVar [[r.LightShaftQuality:1]]
[2020.10.26-00.53.41:792][  0]LogConfig: Setting CVar [[r.Filter.SizeScale:1]]
[2020.10.26-00.53.41:792][  0]LogConfig: Setting CVar [[r.Tonemapper.Quality:5]]
[2020.10.26-00.53.41:792][  0]LogConfig: Setting CVar [[r.DOF.Gather.AccumulatorQuality:1        ; higher gathering accumulator quality]]
[2020.10.26-00.53.41:792][  0]LogConfig: Setting CVar [[r.DOF.Gather.PostfilterMethod:1          ; Median3x3 postfilering method]]
[2020.10.26-00.53.41:792][  0]LogConfig: Setting CVar [[r.DOF.Gather.EnableBokehSettings:0       ; no bokeh simulation when gathering]]
[2020.10.26-00.53.41:792][  0]LogConfig: Setting CVar [[r.DOF.Gather.RingCount:4                 ; medium number of samples when gathering]]
[2020.10.26-00.53.41:792][  0]LogConfig: Setting CVar [[r.DOF.Scatter.ForegroundCompositing:1    ; additive foreground scattering]]
[2020.10.26-00.53.41:792][  0]LogConfig: Setting CVar [[r.DOF.Scatter.BackgroundCompositing:2    ; additive background scattering]]
[2020.10.26-00.53.41:792][  0]LogConfig: Setting CVar [[r.DOF.Scatter.EnableBokehSettings:1      ; bokeh simulation when scattering]]
[2020.10.26-00.53.41:792][  0]LogConfig: Setting CVar [[r.DOF.Scatter.MaxSpriteRatio:0.1         ; only a maximum of 10% of scattered bokeh]]
[2020.10.26-00.53.41:792][  0]LogConfig: Setting CVar [[r.DOF.Recombine.Quality:1                ; cheap slight out of focus]]
[2020.10.26-00.53.41:792][  0]LogConfig: Setting CVar [[r.DOF.Recombine.EnableBokehSettings:0    ; no bokeh simulation on slight out of focus]]
[2020.10.26-00.53.41:792][  0]LogConfig: Setting CVar [[r.DOF.TemporalAAQuality:1                ; more stable temporal accumulation]]
[2020.10.26-00.53.41:792][  0]LogConfig: Setting CVar [[r.DOF.Kernel.MaxForegroundRadius:0.025]]
[2020.10.26-00.53.41:792][  0]LogConfig: Setting CVar [[r.DOF.Kernel.MaxBackgroundRadius:0.025]]
[2020.10.26-00.53.41:792][  0]LogConfig: Applying CVar settings from Section [TextureQuality@3] File [D:/jinandongzhan/dongzhanToUE4/Saved/Config/Windows/Scalability.ini]
[2020.10.26-00.53.41:792][  0]LogConfig: Setting CVar [[r.Streaming.MipBias:0]]
[2020.10.26-00.53.41:792][  0]LogConfig: Setting CVar [[r.Streaming.AmortizeCPUToGPUCopy:0]]
[2020.10.26-00.53.41:792][  0]LogConfig: Setting CVar [[r.Streaming.MaxNumTexturesToStreamPerFrame:0]]
[2020.10.26-00.53.41:793][  0]LogConfig: Setting CVar [[r.Streaming.Boost:1]]
[2020.10.26-00.53.41:793][  0]LogConfig: Setting CVar [[r.MaxAnisotropy:8]]
[2020.10.26-00.53.41:793][  0]LogConfig: Setting CVar [[r.Streaming.LimitPoolSizeToVRAM:0]]
[2020.10.26-00.53.41:793][  0]LogConfig: Setting CVar [[r.Streaming.PoolSize:1000]]
[2020.10.26-00.53.41:793][  0]LogConfig: Setting CVar [[r.Streaming.MaxEffectiveScreenSize:0]]
[2020.10.26-00.53.41:793][  0]LogConfig: Applying CVar settings from Section [EffectsQuality@3] File [D:/jinandongzhan/dongzhanToUE4/Saved/Config/Windows/Scalability.ini]
[2020.10.26-00.53.41:793][  0]LogConfig: Setting CVar [[r.TranslucencyLightingVolumeDim:64]]
[2020.10.26-00.53.41:793][  0]LogConfig: Setting CVar [[r.RefractionQuality:2]]
[2020.10.26-00.53.41:793][  0]LogConfig: Setting CVar [[r.SSR.Quality:3]]
[2020.10.26-00.53.41:793][  0]LogConfig: Setting CVar [[r.SceneColorFormat:4]]
[2020.10.26-00.53.41:793][  0]LogConfig: Setting CVar [[r.DetailMode:2]]
[2020.10.26-00.53.41:793][  0]LogConfig: Setting CVar [[r.TranslucencyVolumeBlur:1]]
[2020.10.26-00.53.41:793][  0]LogConfig: Setting CVar [[r.MaterialQualityLevel:1 ; High quality]]
[2020.10.26-00.53.41:793][  0]LogConfig: Setting CVar [[r.SSS.Scale:1]]
[2020.10.26-00.53.41:793][  0]LogConfig: Setting CVar [[r.SSS.SampleSet:2]]
[2020.10.26-00.53.41:793][  0]LogConfig: Setting CVar [[r.SSS.Quality:1]]
[2020.10.26-00.53.41:793][  0]LogConfig: Setting CVar [[r.SSS.HalfRes:1]]
[2020.10.26-00.53.41:793][  0]LogConfig: Setting CVar [[r.EmitterSpawnRateScale:1.0]]
[2020.10.26-00.53.41:793][  0]LogConfig: Setting CVar [[r.ParticleLightQuality:2]]
[2020.10.26-00.53.41:793][  0]LogConfig: Applying CVar settings from Section [FoliageQuality@3] File [D:/jinandongzhan/dongzhanToUE4/Saved/Config/Windows/Scalability.ini]
[2020.10.26-00.53.41:794][  0]LogConfig: Setting CVar [[foliage.DensityScale:1.0]]
[2020.10.26-00.53.41:794][  0]LogConfig: Setting CVar [[grass.DensityScale:1.0]]
[2020.10.26-00.53.41:808][  0]LogInit: Selected Device Profile: [Windows]
[2020.10.26-00.53.41:808][  0]LogInit: Applying CVar settings loaded from the selected device profile: [Windows]
[2020.10.26-00.53.41:967][  0]LogHAL: Display: Platform has ~ 8 GB [8477556736 / 8589934592 / 8], which maps to Default [LargestMinGB=32, LargerMinGB=12, DefaultMinGB=8, SmallerMinGB=6, SmallestMinGB=0)
[2020.10.26-00.53.41:967][  0]LogInit: Going up to parent DeviceProfile []
[2020.10.26-00.53.41:967][  0]LogConfig: Applying CVar settings from Section [ViewDistanceQuality@3] File [D:/jinandongzhan/dongzhanToUE4/Saved/Config/Windows/Scalability.ini]
[2020.10.26-00.53.41:967][  0]LogConfig: Setting CVar [[r.SkeletalMeshLODBias:0]]
[2020.10.26-00.53.41:967][  0]LogConfig: Setting CVar [[r.ViewDistanceScale:1.0]]
[2020.10.26-00.53.41:967][  0]LogConfig: Applying CVar settings from Section [AntiAliasingQuality@3] File [D:/jinandongzhan/dongzhanToUE4/Saved/Config/Windows/Scalability.ini]
[2020.10.26-00.53.41:967][  0]LogConfig: Setting CVar [[r.PostProcessAAQuality:4]]
[2020.10.26-00.53.41:967][  0]LogConfig: Applying CVar settings from Section [ShadowQuality@3] File [D:/jinandongzhan/dongzhanToUE4/Saved/Config/Windows/Scalability.ini]
[2020.10.26-00.53.41:967][  0]LogConfig: Setting CVar [[r.LightFunctionQuality:1]]
[2020.10.26-00.53.41:967][  0]LogConfig: Setting CVar [[r.ShadowQuality:5]]
[2020.10.26-00.53.41:967][  0]LogConfig: Setting CVar [[r.Shadow.CSM.MaxCascades:10]]
[2020.10.26-00.53.41:967][  0]LogConfig: Setting CVar [[r.Shadow.MaxResolution:2048]]
[2020.10.26-00.53.41:967][  0]LogConfig: Setting CVar [[r.Shadow.MaxCSMResolution:2048]]
[2020.10.26-00.53.41:967][  0]LogConfig: Setting CVar [[r.Shadow.RadiusThreshold:0.01]]
[2020.10.26-00.53.41:967][  0]LogConfig: Setting CVar [[r.Shadow.DistanceScale:1.0]]
[2020.10.26-00.53.41:967][  0]LogConfig: Setting CVar [[r.Shadow.CSM.TransitionScale:1.0]]
[2020.10.26-00.53.41:967][  0]LogConfig: Setting CVar [[r.Shadow.PreShadowResolutionFactor:1.0]]
[2020.10.26-00.53.41:967][  0]LogConfig: Setting CVar [[r.DistanceFieldShadowing:1]]
[2020.10.26-00.53.41:967][  0]LogConfig: Setting CVar [[r.DistanceFieldAO:1]]
[2020.10.26-00.53.41:967][  0]LogConfig: Setting CVar [[r.AOQuality:2]]
[2020.10.26-00.53.41:967][  0]LogConfig: Setting CVar [[r.VolumetricFog:1]]
[2020.10.26-00.53.41:967][  0]LogConfig: Setting CVar [[r.VolumetricFog.GridPixelSize:8]]
[2020.10.26-00.53.41:967][  0]LogConfig: Setting CVar [[r.VolumetricFog.GridSizeZ:128]]
[2020.10.26-00.53.41:967][  0]LogConfig: Setting CVar [[r.VolumetricFog.HistoryMissSupersampleCount:4]]
[2020.10.26-00.53.41:967][  0]LogConfig: Setting CVar [[r.LightMaxDrawDistanceScale:1]]
[2020.10.26-00.53.41:967][  0]LogConfig: Setting CVar [[r.CapsuleShadows:1]]
[2020.10.26-00.53.41:967][  0]LogConfig: Applying CVar settings from Section [PostProcessQuality@3] File [D:/jinandongzhan/dongzhanToUE4/Saved/Config/Windows/Scalability.ini]
[2020.10.26-00.53.41:967][  0]LogConfig: Setting CVar [[r.MotionBlurQuality:4]]
[2020.10.26-00.53.41:967][  0]LogConfig: Setting CVar [[r.AmbientOcclusionMipLevelFactor:0.4]]
[2020.10.26-00.53.41:967][  0]LogConfig: Setting CVar [[r.AmbientOcclusionMaxQuality:100]]
[2020.10.26-00.53.41:967][  0]LogConfig: Setting CVar [[r.AmbientOcclusionLevels:-1]]
[2020.10.26-00.53.41:967][  0]LogConfig: Setting CVar [[r.AmbientOcclusionRadiusScale:1.0]]
[2020.10.26-00.53.41:967][  0]LogConfig: Setting CVar [[r.DepthOfFieldQuality:2]]
[2020.10.26-00.53.41:967][  0]LogConfig: Setting CVar [[r.RenderTargetPoolMin:400]]
[2020.10.26-00.53.41:967][  0]LogConfig: Setting CVar [[r.LensFlareQuality:2]]
[2020.10.26-00.53.41:967][  0]LogConfig: Setting CVar [[r.SceneColorFringeQuality:1]]
[2020.10.26-00.53.41:967][  0]LogConfig: Setting CVar [[r.EyeAdaptationQuality:2]]
[2020.10.26-00.53.41:967][  0]LogConfig: Setting CVar [[r.BloomQuality:5]]
[2020.10.26-00.53.41:967][  0]LogConfig: Setting CVar [[r.FastBlurThreshold:100]]
[2020.10.26-00.53.41:967][  0]LogConfig: Setting CVar [[r.Upscale.Quality:3]]
[2020.10.26-00.53.41:967][  0]LogConfig: Setting CVar [[r.Tonemapper.GrainQuantization:1]]
[2020.10.26-00.53.41:967][  0]LogConfig: Setting CVar [[r.LightShaftQuality:1]]
[2020.10.26-00.53.41:967][  0]LogConfig: Setting CVar [[r.Filter.SizeScale:1]]
[2020.10.26-00.53.41:967][  0]LogConfig: Setting CVar [[r.Tonemapper.Quality:5]]
[2020.10.26-00.53.41:967][  0]LogConfig: Setting CVar [[r.DOF.Gather.AccumulatorQuality:1        ; higher gathering accumulator quality]]
[2020.10.26-00.53.41:968][  0]LogConfig: Setting CVar [[r.DOF.Gather.PostfilterMethod:1          ; Median3x3 postfilering method]]
[2020.10.26-00.53.41:968][  0]LogConfig: Setting CVar [[r.DOF.Gather.EnableBokehSettings:0       ; no bokeh simulation when gathering]]
[2020.10.26-00.53.41:968][  0]LogConfig: Setting CVar [[r.DOF.Gather.RingCount:4                 ; medium number of samples when gathering]]
[2020.10.26-00.53.41:968][  0]LogConfig: Setting CVar [[r.DOF.Scatter.ForegroundCompositing:1    ; additive foreground scattering]]
[2020.10.26-00.53.41:968][  0]LogConfig: Setting CVar [[r.DOF.Scatter.BackgroundCompositing:2    ; additive background scattering]]
[2020.10.26-00.53.41:968][  0]LogConfig: Setting CVar [[r.DOF.Scatter.EnableBokehSettings:1      ; bokeh simulation when scattering]]
[2020.10.26-00.53.41:968][  0]LogConfig: Setting CVar [[r.DOF.Scatter.MaxSpriteRatio:0.1         ; only a maximum of 10% of scattered bokeh]]
[2020.10.26-00.53.41:968][  0]LogConfig: Setting CVar [[r.DOF.Recombine.Quality:1                ; cheap slight out of focus]]
[2020.10.26-00.53.41:968][  0]LogConfig: Setting CVar [[r.DOF.Recombine.EnableBokehSettings:0    ; no bokeh simulation on slight out of focus]]
[2020.10.26-00.53.41:968][  0]LogConfig: Setting CVar [[r.DOF.TemporalAAQuality:1                ; more stable temporal accumulation]]
[2020.10.26-00.53.41:968][  0]LogConfig: Setting CVar [[r.DOF.Kernel.MaxForegroundRadius:0.025]]
[2020.10.26-00.53.41:968][  0]LogConfig: Setting CVar [[r.DOF.Kernel.MaxBackgroundRadius:0.025]]
[2020.10.26-00.53.41:968][  0]LogConfig: Applying CVar settings from Section [TextureQuality@3] File [D:/jinandongzhan/dongzhanToUE4/Saved/Config/Windows/Scalability.ini]
[2020.10.26-00.53.41:968][  0]LogConfig: Setting CVar [[r.Streaming.MipBias:0]]
[2020.10.26-00.53.41:968][  0]LogConfig: Setting CVar [[r.Streaming.AmortizeCPUToGPUCopy:0]]
[2020.10.26-00.53.41:968][  0]LogConfig: Setting CVar [[r.Streaming.MaxNumTexturesToStreamPerFrame:0]]
[2020.10.26-00.53.41:968][  0]LogConfig: Setting CVar [[r.Streaming.Boost:1]]
[2020.10.26-00.53.41:968][  0]LogConfig: Setting CVar [[r.MaxAnisotropy:8]]
[2020.10.26-00.53.41:968][  0]LogConfig: Setting CVar [[r.Streaming.LimitPoolSizeToVRAM:0]]
[2020.10.26-00.53.41:968][  0]LogConfig: Setting CVar [[r.Streaming.PoolSize:1000]]
[2020.10.26-00.53.41:968][  0]LogConfig: Setting CVar [[r.Streaming.MaxEffectiveScreenSize:0]]
[2020.10.26-00.53.41:968][  0]LogConfig: Applying CVar settings from Section [EffectsQuality@3] File [D:/jinandongzhan/dongzhanToUE4/Saved/Config/Windows/Scalability.ini]
[2020.10.26-00.53.41:968][  0]LogConfig: Setting CVar [[r.TranslucencyLightingVolumeDim:64]]
[2020.10.26-00.53.41:968][  0]LogConfig: Setting CVar [[r.RefractionQuality:2]]
[2020.10.26-00.53.41:968][  0]LogConfig: Setting CVar [[r.SSR.Quality:3]]
[2020.10.26-00.53.41:968][  0]LogConfig: Setting CVar [[r.SceneColorFormat:4]]
[2020.10.26-00.53.41:968][  0]LogConfig: Setting CVar [[r.DetailMode:2]]
[2020.10.26-00.53.41:968][  0]LogConfig: Setting CVar [[r.TranslucencyVolumeBlur:1]]
[2020.10.26-00.53.41:968][  0]LogConfig: Setting CVar [[r.MaterialQualityLevel:1 ; High quality]]
[2020.10.26-00.53.41:968][  0]LogConfig: Setting CVar [[r.SSS.Scale:1]]
[2020.10.26-00.53.41:968][  0]LogConfig: Setting CVar [[r.SSS.SampleSet:2]]
[2020.10.26-00.53.41:968][  0]LogConfig: Setting CVar [[r.SSS.Quality:1]]
[2020.10.26-00.53.41:968][  0]LogConfig: Setting CVar [[r.SSS.HalfRes:1]]
[2020.10.26-00.53.41:968][  0]LogConfig: Setting CVar [[r.EmitterSpawnRateScale:1.0]]
[2020.10.26-00.53.41:968][  0]LogConfig: Setting CVar [[r.ParticleLightQuality:2]]
[2020.10.26-00.53.41:968][  0]LogConfig: Applying CVar settings from Section [FoliageQuality@3] File [D:/jinandongzhan/dongzhanToUE4/Saved/Config/Windows/Scalability.ini]
[2020.10.26-00.53.41:968][  0]LogConfig: Setting CVar [[foliage.DensityScale:1.0]]
[2020.10.26-00.53.41:968][  0]LogConfig: Setting CVar [[grass.DensityScale:1.0]]
[2020.10.26-00.53.41:968][  0]LogConfig: Applying CVar settings from Section [Startup] File [../../../Engine/Config/ConsoleVariables.ini]
[2020.10.26-00.53.41:974][  0]LogConfig: Setting CVar [[net.UseAdaptiveNetUpdateFrequency:0]]
[2020.10.26-00.53.41:974][  0]LogConfig: Setting CVar [[p.chaos.AllowCreatePhysxBodies:1]]
[2020.10.26-00.53.41:974][  0]LogConfig: Applying CVar settings from Section [ConsoleVariables] File [D:/jinandongzhan/dongzhanToUE4/Saved/Config/Windows/Engine.ini]
[2020.10.26-00.53.41:996][  0]LogInit: Computer: DESKTOP-K1JM11J
[2020.10.26-00.53.41:996][  0]LogInit: User: lenovo
[2020.10.26-00.53.41:996][  0]LogInit: CPU Page size=4096, Cores=6
[2020.10.26-00.53.41:996][  0]LogInit: High frequency timer resolution =10.000000 MHz
[2020.10.26-00.53.42:041][  0]LogMemory: Memory total: Physical=7.9GB (8GB approx)
[2020.10.26-00.53.42:043][  0]LogMemory: Platform Memory Stats for Windows
[2020.10.26-00.53.42:043][  0]LogMemory: Process Physical Memory: 99.81 MB used, 99.82 MB peak
[2020.10.26-00.53.42:043][  0]LogMemory: Process Virtual Memory: 98.69 MB used, 98.69 MB peak
[2020.10.26-00.53.42:043][  0]LogMemory: Physical Memory: 6759.20 MB used,  1325.63 MB free, 8084.83 MB total
[2020.10.26-00.53.42:043][  0]LogMemory: Virtual Memory: 4662.83 MB used,  134213064.00 MB free, 134217728.00 MB total
[2020.10.26-00.53.42:050][  0]LogWindows: WindowsPlatformFeatures enabled
[2020.10.26-00.53.43:504][  0]LogInit: Using OS detected language (zh-CN).
[2020.10.26-00.53.43:504][  0]LogInit: Using OS detected locale (zh-CN).
[2020.10.26-00.53.43:553][  0]LogTextLocalizationManager: No specific localization for 'zh-CN' exists, so the 'zh-Hans' localization will be used.
[2020.10.26-00.53.45:364][  0]LogTextLocalizationResource: LocRes '../../../Engine/Content/Localization/Editor/zh/Editor.locres' could not be opened for reading!
[2020.10.26-00.53.45:364][  0]LogTextLocalizationResource: LocRes '../../../Engine/Content/Localization/EditorTutorials/zh/EditorTutorials.locres' could not be opened for reading!
[2020.10.26-00.53.45:364][  0]LogTextLocalizationResource: LocRes '../../../Engine/Content/Localization/Keywords/zh/Keywords.locres' could not be opened for reading!
[2020.10.26-00.53.45:364][  0]LogTextLocalizationResource: LocRes '../../../Engine/Content/Localization/Category/zh/Category.locres' could not be opened for reading!
[2020.10.26-00.53.45:364][  0]LogTextLocalizationResource: LocRes '../../../Engine/Content/Localization/ToolTips/zh/ToolTips.locres' could not be opened for reading!
[2020.10.26-00.53.45:364][  0]LogTextLocalizationResource: LocRes '../../../Engine/Content/Localization/PropertyNames/zh/PropertyNames.locres' could not be opened for reading!
[2020.10.26-00.53.45:364][  0]LogTextLocalizationResource: LocRes '../../../Engine/Content/Localization/Engine/zh/Engine.locres' could not be opened for reading!
[2020.10.26-00.53.45:364][  0]LogTextLocalizationResource: LocRes '../../../Engine/Plugins/Online/Android/OnlineSubsystemGooglePlay/Content/Localization/OnlineSubsystemGooglePlay/zh/OnlineSubsystemGooglePlay.locres' could not be opened for reading!
[2020.10.26-00.53.45:364][  0]LogTextLocalizationResource: LocRes '../../../Engine/Plugins/Online/IOS/OnlineSubsystemIOS/Content/Localization/OnlineSubsystemIOS/zh/OnlineSubsystemIOS.locres' could not be opened for reading!
[2020.10.26-00.53.45:364][  0]LogTextLocalizationResource: LocRes '../../../Engine/Plugins/Online/OnlineSubsystem/Content/Localization/OnlineSubsystem/zh/OnlineSubsystem.locres' could not be opened for reading!
[2020.10.26-00.53.45:364][  0]LogTextLocalizationResource: LocRes '../../../Engine/Plugins/Online/OnlineSubsystemUtils/Content/Localization/OnlineSubsystemUtils/zh/OnlineSubsystemUtils.locres' could not be opened for reading!
[2020.10.26-00.53.45:404][  0]LogInit: Setting process to per monitor DPI aware
[2020.10.26-00.53.46:003][  0]LogSlate: New Slate User Created.  User Index 0, Is Virtual User: 0
[2020.10.26-00.53.46:003][  0]LogSlate: Slate User Registered.  User Index 0, Is Virtual User: 0
[2020.10.26-00.53.46:948][  0]LogHMD: Failed to initialize OpenVR with code 110
[2020.10.26-00.53.46:948][  0]LogD3D11RHI: D3D11 adapters:
[2020.10.26-00.53.47:025][  0]LogD3D11RHI:    0. 'Intel(R) UHD Graphics 630' (Feature Level 11_0)
[2020.10.26-00.53.47:025][  0]LogD3D11RHI:       128/0/4042 MB DedicatedVideo/DedicatedSystem/SharedSystem, Outputs:1, VendorId:0x8086
[2020.10.26-00.53.47:032][  0]LogD3D11RHI:    1. 'Microsoft Basic Render Driver' (Feature Level 11_0)
[2020.10.26-00.53.47:032][  0]LogD3D11RHI:       0/0/4042 MB DedicatedVideo/DedicatedSystem/SharedSystem, Outputs:0, VendorId:0x1414
[2020.10.26-00.53.47:032][  0]LogD3D11RHI: Chosen D3D11 Adapter: 0
[2020.10.26-00.53.47:062][  0]LogD3D11RHI: Creating new Direct3DDevice
[2020.10.26-00.53.47:062][  0]LogD3D11RHI:     GPU DeviceId: 0x3e92 (for the marketing name, search the web for "GPU Device Id")
[2020.10.26-00.53.47:137][  0]LogWindows: EnumDisplayDevices:
[2020.10.26-00.53.47:137][  0]LogWindows:    0. 'Intel(R) UHD Graphics 630' (P:1 D:1)
[2020.10.26-00.53.47:138][  0]LogWindows:    1. 'Intel(R) UHD Graphics 630' (P:0 D:0)
[2020.10.26-00.53.47:138][  0]LogWindows:    2. 'Intel(R) UHD Graphics 630' (P:0 D:0)
[2020.10.26-00.53.47:138][  0]LogWindows: DebugString: FoundDriverCount:3 
[2020.10.26-00.53.47:138][  0]LogD3D11RHI:     Adapter Name: Intel(R) UHD Graphics 630
[2020.10.26-00.53.47:159][  0]LogD3D11RHI:   Driver Version: 27.20.100.8190 (internal:27.20.100.8190, unified:27.20.100.8190)
[2020.10.26-00.53.47:159][  0]LogD3D11RHI:      Driver Date: 5-5-2020
[2020.10.26-00.53.47:159][  0]LogRHI: Texture pool is 1504 MB (70% of 2149 MB)
[2020.10.26-00.53.47:409][  0]LogD3D11RHI: [IntelMetricsDiscovery] Started
[2020.10.26-00.53.47:409][  0]LogD3D11RHI: Async texture creation enabled
[2020.10.26-00.53.47:642][  0]LogD3D11RHI: GPU Timing Frequency: 12.000048 (Debug: 2 0)
[2020.10.26-00.53.48:579][  0]LogTemp: Display: Module 'AllDesktopTargetPlatform' loaded TargetPlatform 'AllDesktop'
[2020.10.26-00.53.48:604][  0]LogTemp: Display: Module 'MacClientTargetPlatform' loaded TargetPlatform 'MacClient'
[2020.10.26-00.53.48:654][  0]LogTemp: Display: Module 'MacNoEditorTargetPlatform' loaded TargetPlatform 'MacNoEditor'
[2020.10.26-00.53.48:662][  0]LogTemp: Display: Module 'MacServerTargetPlatform' loaded TargetPlatform 'MacServer'
[2020.10.26-00.53.48:700][  0]LogTemp: Display: Module 'MacTargetPlatform' loaded TargetPlatform 'Mac'
[2020.10.26-00.53.48:708][  0]LogTemp: Display: Module 'WindowsClientTargetPlatform' loaded TargetPlatform 'WindowsClient'
[2020.10.26-00.53.48:719][  0]LogTemp: Display: Module 'WindowsNoEditorTargetPlatform' loaded TargetPlatform 'WindowsNoEditor'
[2020.10.26-00.53.48:728][  0]LogTemp: Display: Module 'WindowsServerTargetPlatform' loaded TargetPlatform 'WindowsServer'
[2020.10.26-00.53.48:732][  0]LogTemp: Display: Module 'WindowsTargetPlatform' loaded TargetPlatform 'Windows'
[2020.10.26-00.53.48:776][  0]LogTemp: Display: Module 'AndroidTargetPlatform' loaded TargetPlatform 'Android'
[2020.10.26-00.53.48:776][  0]LogTemp: Display: Module 'AndroidTargetPlatform' loaded TargetPlatform 'Android_ASTC'
[2020.10.26-00.53.48:776][  0]LogTemp: Display: Module 'AndroidTargetPlatform' loaded TargetPlatform 'Android_ATC'
[2020.10.26-00.53.48:776][  0]LogTemp: Display: Module 'AndroidTargetPlatform' loaded TargetPlatform 'Android_DXT'
[2020.10.26-00.53.48:776][  0]LogTemp: Display: Module 'AndroidTargetPlatform' loaded TargetPlatform 'Android_ETC1'
[2020.10.26-00.53.48:776][  0]LogTemp: Display: Module 'AndroidTargetPlatform' loaded TargetPlatform 'Android_ETC1a'
[2020.10.26-00.53.48:776][  0]LogTemp: Display: Module 'AndroidTargetPlatform' loaded TargetPlatform 'Android_ETC2'
[2020.10.26-00.53.48:776][  0]LogTemp: Display: Module 'AndroidTargetPlatform' loaded TargetPlatform 'Android_PVRTC'
[2020.10.26-00.53.48:776][  0]LogTemp: Display: Module 'AndroidTargetPlatform' loaded TargetPlatform 'AndroidClient'
[2020.10.26-00.53.48:777][  0]LogTemp: Display: Module 'AndroidTargetPlatform' loaded TargetPlatform 'Android_ASTCClient'
[2020.10.26-00.53.48:777][  0]LogTemp: Display: Module 'AndroidTargetPlatform' loaded TargetPlatform 'Android_ATCClient'
[2020.10.26-00.53.48:777][  0]LogTemp: Display: Module 'AndroidTargetPlatform' loaded TargetPlatform 'Android_DXTClient'
[2020.10.26-00.53.48:777][  0]LogTemp: Display: Module 'AndroidTargetPlatform' loaded TargetPlatform 'Android_ETC1Client'
[2020.10.26-00.53.48:777][  0]LogTemp: Display: Module 'AndroidTargetPlatform' loaded TargetPlatform 'Android_ETC1aClient'
[2020.10.26-00.53.48:777][  0]LogTemp: Display: Module 'AndroidTargetPlatform' loaded TargetPlatform 'Android_ETC2Client'
[2020.10.26-00.53.48:777][  0]LogTemp: Display: Module 'AndroidTargetPlatform' loaded TargetPlatform 'Android_PVRTCClient'
[2020.10.26-00.53.48:777][  0]LogTemp: Display: Module 'AndroidTargetPlatform' loaded TargetPlatform 'Android_Multi'
[2020.10.26-00.53.48:777][  0]LogTemp: Display: Module 'AndroidTargetPlatform' loaded TargetPlatform 'Android_MultiClient'
[2020.10.26-00.53.48:811][  0]LogTemp: Display: Module 'HTML5TargetPlatform' loaded TargetPlatform 'HTML5'
[2020.10.26-00.53.48:974][  0]LogTemp: Display: Module 'IOSTargetPlatform' loaded TargetPlatform 'IOSClient'
[2020.10.26-00.53.48:974][  0]LogTemp: Display: Module 'IOSTargetPlatform' loaded TargetPlatform 'IOS'
[2020.10.26-00.53.49:012][  0]LogTemp: Display: Module 'TVOSTargetPlatform' loaded TargetPlatform 'TVOSClient'
[2020.10.26-00.53.49:012][  0]LogTemp: Display: Module 'TVOSTargetPlatform' loaded TargetPlatform 'TVOS'
[2020.10.26-00.53.49:022][  0]LogTemp: Display: Module 'LinuxClientTargetPlatform' loaded TargetPlatform 'LinuxClient'
[2020.10.26-00.53.49:028][  0]LogTemp: Display: Module 'LinuxNoEditorTargetPlatform' loaded TargetPlatform 'LinuxNoEditor'
[2020.10.26-00.53.49:035][  0]LogTemp: Display: Module 'LinuxServerTargetPlatform' loaded TargetPlatform 'LinuxServer'
[2020.10.26-00.53.49:083][  0]LogTemp: Display: Module 'LinuxTargetPlatform' loaded TargetPlatform 'Linux'
[2020.10.26-00.53.49:116][  0]LogTemp: Display: Module 'LuminTargetPlatform' loaded TargetPlatform 'Lumin'
[2020.10.26-00.53.49:116][  0]LogTemp: Display: Module 'LuminTargetPlatform' loaded TargetPlatform 'LuminClient'
[2020.10.26-00.53.49:116][  0]LogTargetPlatformManager: Display: Building Assets For Windows
[2020.10.26-00.53.49:273][  0]LogAudioDebug: Display: Lib vorbis DLL was dynamically loaded.
[2020.10.26-00.53.50:540][  0]LogShaderCompilers: Guid format shader working directory is 4 characters bigger than the processId version (../../../../../jinandongzhan/dongzhanToUE4/Intermediate/Shaders/WorkingDirectory/15764/).
[2020.10.26-00.53.50:541][  0]LogShaderCompilers: Cleaned the shader compiler working directory 'C:/Users/lenovo/AppData/Local/Temp/UnrealShaderWorkingDir/804675134669789431795E8AA54EB231/'.
[2020.10.26-00.53.50:706][  0]LogXGEController: Cannot use XGE Controller as Incredibuild is not installed on this machine.
[2020.10.26-00.53.50:706][  0]LogShaderCompilers: Cannot use XGE Shader Compiler as Incredibuild is not installed on this machine.
[2020.10.26-00.53.50:706][  0]LogShaderCompilers: Display: Using Local Shader Compiler.
[2020.10.26-00.53.53:887][  0]LogDerivedDataCache: Display: Max Cache Size: 512 MB
[2020.10.26-00.53.53:993][  0]LogDerivedDataCache: Loaded boot cache 0.11s 73MB C:/Users/lenovo/AppData/Local/UnrealEngine/4.23/DerivedDataCache/Boot.ddc.
[2020.10.26-00.53.53:993][  0]LogDerivedDataCache: Display: Loaded Boot cache: C:/Users/lenovo/AppData/Local/UnrealEngine/4.23/DerivedDataCache/Boot.ddc
[2020.10.26-00.53.53:993][  0]LogDerivedDataCache: FDerivedDataBackendGraph:  Pak pak cache file ../../../../../jinandongzhan/dongzhanToUE4/DerivedDataCache/DDC.ddp not found, will not use a pak cache.
[2020.10.26-00.53.53:993][  0]LogDerivedDataCache: Unable to find inner node Pak for hierarchical cache Hierarchy.
[2020.10.26-00.53.53:993][  0]LogDerivedDataCache: FDerivedDataBackendGraph:  CompressedPak pak cache file ../../../../../jinandongzhan/dongzhanToUE4/DerivedDataCache/Compressed.ddp not found, will not use a pak cache.
[2020.10.26-00.53.53:993][  0]LogDerivedDataCache: Unable to find inner node CompressedPak for hierarchical cache Hierarchy.
[2020.10.26-00.53.54:021][  0]LogDerivedDataCache: Display: Pak cache opened for reading ../../../Engine/DerivedDataCache/Compressed.ddp.
[2020.10.26-00.53.54:021][  0]LogDerivedDataCache: FDerivedDataBackendGraph:  EnterprisePak pak cache file ../../../Enterprise/DerivedDataCache/Compressed.ddp not found, will not use a pak cache.
[2020.10.26-00.53.54:021][  0]LogDerivedDataCache: Unable to find inner node EnterprisePak for hierarchical cache Hierarchy.
[2020.10.26-00.53.54:022][  0]LogDerivedDataCache: Using Local data cache path C:/Users/lenovo/AppData/Local/UnrealEngine/Common/DerivedDataCache: Writable
[2020.10.26-00.53.54:022][  0]LogDerivedDataCache: Shared data cache path not found in *engine.ini, will not use an Shared cache.
[2020.10.26-00.53.54:022][  0]LogDerivedDataCache: Unable to find inner node Shared for hierarchical cache Hierarchy.
[2020.10.26-00.53.54:050][  0]LogMaterial: Verifying Global Shaders for PCD3D_SM5
[2020.10.26-00.53.54:061][  0]LogSlate: Using FreeType 2.6.0
[2020.10.26-00.53.54:111][  0]LogSlate: SlateFontServices - WITH_FREETYPE: 1, WITH_HARFBUZZ: 1
[2020.10.26-00.53.55:162][  0]LogAssetRegistry: FAssetRegistry took 0.0489 seconds to start up
[2020.10.26-00.54.01:097][  0]LogInit: Selected Device Profile: [Windows]
[2020.10.26-00.54.02:691][  0]LogMeshReduction: Using QuadricMeshReduction for automatic static mesh reduction
[2020.10.26-00.54.02:691][  0]LogMeshReduction: Using SimplygonMeshReduction for automatic skeletal mesh reduction
[2020.10.26-00.54.02:691][  0]LogMeshReduction: Using ProxyLODMeshReduction for automatic mesh merging
[2020.10.26-00.54.02:691][  0]LogMeshReduction: No distributed automatic mesh merging module available
[2020.10.26-00.54.02:691][  0]LogMeshMerging: No distributed automatic mesh merging module available
[2020.10.26-00.54.03:014][  0]LogNetVersion: dongzhanToUE4 1.0.0, NetCL: 8386587, EngineNetVer: 11, GameNetVer: 0 (Checksum: 420808155)
[2020.10.26-00.54.07:154][  0]LogPackageLocalizationCache: Processed 13 localized package path(s) for 2 prioritized culture(s) in 0.295227 seconds
[2020.10.26-00.54.07:205][  0]LogUObjectArray: 43444 objects as part of root set at end of initial load.
[2020.10.26-00.54.07:205][  0]LogUObjectAllocator: 7548648 out of 0 bytes used by permanent object pool.
[2020.10.26-00.54.07:205][  0]LogUObjectArray: CloseDisregardForGC: 0/0 objects in disregard for GC pool
[2020.10.26-00.54.22:137][  0]LogTcpMessaging: Initializing TcpMessaging bridge
[2020.10.26-00.54.22:147][  0]LogUdpMessaging: Initializing bridge on interface 0.0.0.0:0 to multicast group 230.0.0.1:6666.
[2020.10.26-00.54.23:983][  0]SourceControl: 源码管理已禁用
[2020.10.26-00.54.23:984][  0]SourceControl: 源码管理已禁用
[2020.10.26-00.54.24:122][  0]SourceControl: 源码管理已禁用
[2020.10.26-00.54.24:134][  0]SourceControl: 源码管理已禁用
[2020.10.26-00.54.24:202][  0]LogVSAccessor: Display: Unable to create Visual Studio setup instance: 80040154
[2020.10.26-00.54.24:203][  0]LogVSAccessor: Display: Unable to create Visual Studio setup instance: 80040154
[2020.10.26-00.54.25:704][  0]LogAndroidPermission: UAndroidPermissionCallbackProxy::GetInstance
[2020.10.26-00.54.26:823][  0]LogOcInput: OculusInput pre-init called
[2020.10.26-00.54.26:914][  0]LogWindows: Failed to load 'OVRPlugin.dll' (GetLastError=126)
[2020.10.26-00.54.26:914][  0]LogWindows: File 'OVRPlugin.dll' does not exist
[2020.10.26-00.54.28:213][  0]LogEngine: Initializing Engine...
[2020.10.26-00.54.28:295][  0]LogHMD: Failed to initialize OpenVR with code 110
[2020.10.26-00.54.28:327][  0]LogStats: UGameplayTagsManager::InitializeManager -  0.030 s
[2020.10.26-00.54.28:913][  0]LogInit: Initializing FReadOnlyCVARCache
[2020.10.26-00.54.29:301][  0]LogAIModule: Creating AISystem for world Untitled
[2020.10.26-00.54.29:399][  0]LogInit: XAudio2 using '扬声器 (2- Realtek(R) Audio)' : 2 channels at 48 kHz using 32 bits per sample (channel mask 0x3)
[2020.10.26-00.54.29:427][  0]LogInit: FAudioDevice initialized.
[2020.10.26-00.54.29:427][  0]LogNetVersion: Set ProjectVersion to 1.0.0.0. Version Checksum will be recalculated on next use.
[2020.10.26-00.54.29:484][  0]LogDerivedDataCache: Saved boot cache 0.06s 73MB C:/Users/lenovo/AppData/Local/UnrealEngine/4.23/DerivedDataCache/Boot.ddc.
[2020.10.26-00.54.29:488][  0]LogInit: Texture streaming: Enabled
[2020.10.26-00.54.29:655][  0]LogEngineSessionManager: EngineSessionManager initialized
[2020.10.26-00.54.29:655][  0]LogEditorSessionSummary: Verbose: Initializing EditorSessionSummaryWriter for editor session tracking
[2020.10.26-00.54.29:678][  0]LogEditorSessionSummary: EditorSessionSummaryWriter initialized
[2020.10.26-00.54.29:978][  0]LogInit: Transaction tracking system initialized
[2020.10.26-00.54.30:964][  0]BlueprintLog: New page: 编辑器加载
[2020.10.26-00.54.32:187][  0]LocalizationService: 本地化服务已禁用
[2020.10.26-00.54.33:368][  0]LogVSAccessor: Display: Unable to create Visual Studio setup instance: 80040154
[2020.10.26-00.54.33:369][  0]LogVSAccessor: Display: Unable to create Visual Studio setup instance: 80040154
[2020.10.26-00.54.35:242][  0]LogFileCache: Scanning file cache for directory 'D:/jinandongzhan/dongzhanToUE4/Content/' took 0.00s
[2020.10.26-00.54.35:242][  0]LogCook: Display: Max memory allowance for cook 16384mb min free memory 0mb
[2020.10.26-00.54.35:280][  0]LogCook: Display: Mobile HDR setting 1
[2020.10.26-00.54.38:861][  0]SourceControl: 源码管理已禁用
[2020.10.26-00.54.38:884][  0]Cmd: MAP LOAD FILE="../../../../../jinandongzhan/dongzhanToUE4/Content/StarterContent/Maps/Minimal_Default.umap" TEMPLATE=0 SHOWPROGRESS=1 FEATURELEVEL=3
[2020.10.26-00.54.38:942][  0]LightingResults: New page: 光照构建
[2020.10.26-00.54.39:027][  0]LogWorld: UWorld::CleanupWorld for Untitled, bSessionEnded=true, bCleanupResources=true
[2020.10.26-00.54.39:028][  0]MapCheck: New page: 地图检测
[2020.10.26-00.54.39:028][  0]LightingResults: New page: 光照构建
[2020.10.26-00.54.39:075][  0]LogUObjectHash: Compacting FUObjectHashTables data took   1.32ms
[2020.10.26-00.54.40:968][  0]LogStaticMesh: 正在构建静态网格体Floor_400x400……
[2020.10.26-00.54.41:012][  0]LogStaticMesh: Built static mesh [0.04s] /Game/StarterContent/Architecture/Floor_400x400.Floor_400x400
[2020.10.26-00.54.41:256][  0]LogAIModule: Creating AISystem for world Minimal_Default
[2020.10.26-00.54.41:577][  0]LogEditorServer: Finished looking for orphan Actors (0.000 secs)
[2020.10.26-00.54.41:683][  0]LogUObjectHash: Compacting FUObjectHashTables data took   1.58ms
[2020.10.26-00.54.41:701][  0]Cmd: MAP CHECKDEP NOCLEARLOG
[2020.10.26-00.54.41:701][  0]MapCheck: 地图检测完成：0个错误、0个警告、完成用时0.081毫秒。
[2020.10.26-00.54.41:701][  0]LogFileHelpers: Loading map 'Minimal_Default' took 2.822
[2020.10.26-00.54.42:367][  0]LogSlate: Updating window title bar state: overlay mode, drag disabled, window buttons hidden, title bar hidden
[2020.10.26-00.54.42:374][  0]LogSlate: Updating window title bar state: overlay mode, drag disabled, window buttons hidden, title bar hidden
[2020.10.26-00.54.42:379][  0]LogSlate: Updating window title bar state: overlay mode, drag disabled, window buttons hidden, title bar hidden
[2020.10.26-00.54.42:386][  0]LogSlate: Updating window title bar state: overlay mode, drag disabled, window buttons hidden, title bar hidden
[2020.10.26-00.54.42:510][  0]LogCollectionManager: Loaded 0 collections in 0.000825 seconds
[2020.10.26-00.54.42:707][  0]LogFileCache: Scanning file cache for directory 'D:/jinandongzhan/dongzhanToUE4/Saved/Collections/' took 0.00s
[2020.10.26-00.54.42:707][  0]LogFileCache: Scanning file cache for directory 'D:/jinandongzhan/dongzhanToUE4/Content/Developers/lenovo/Collections/' took 0.00s
[2020.10.26-00.54.42:707][  0]LogFileCache: Scanning file cache for directory 'D:/jinandongzhan/dongzhanToUE4/Content/Collections/' took 0.00s
[2020.10.26-00.54.42:707][  0]LogCollectionManager: Rebuilt the GUID cache for 0 collections in 0.000002 seconds
[2020.10.26-00.54.42:744][  0]LogContentBrowser: Native class hierarchy populated in 0.0291 seconds. Added 2929 classes and 711 folders.
[2020.10.26-00.54.42:913][  0]LogContentBrowser: Native class hierarchy updated for 'WidgetCarousel' in 0.0002 seconds. Added 0 classes and 0 folders.
[2020.10.26-00.54.44:318][  0]LogContentBrowser: Native class hierarchy updated for 'AddContentDialog' in 0.0002 seconds. Added 0 classes and 0 folders.
[2020.10.26-00.54.44:403][  0]LogContentBrowser: Native class hierarchy updated for 'SceneOutliner' in 0.0002 seconds. Added 1 classes and 2 folders.
[2020.10.26-00.54.44:821][  0]LogSlate: Took 0.009460 seconds to synchronously load lazily loaded font '../../../Engine/Content/Slate/Fonts/Roboto-Regular.ttf' (155K)
[2020.10.26-00.54.44:854][  0]LogSlate: Took 0.031368 seconds to synchronously load lazily loaded font '../../../Engine/Content/Slate/Fonts/DroidSansFallback.ttf' (3848K)
[2020.10.26-00.54.44:887][  0]LogSlate: Took 0.032738 seconds to synchronously load lazily loaded font '../../../Engine/Content/Slate/Fonts/Roboto-Bold.ttf' (160K)
[2020.10.26-00.54.44:906][  0]LogSlate: Took 0.017267 seconds to synchronously load lazily loaded font '../../../Engine/Content/Editor/Slate/Fonts/FontAwesome.ttf' (139K)
[2020.10.26-00.54.45:277][  0]LogRenderer: Reallocating scene render targets to support 1208x572 Format 10 NumSamples 1 (Frame:1).
[2020.10.26-00.54.45:907][  0]LogContentBrowser: Native class hierarchy updated for 'HierarchicalLODOutliner' in 0.0002 seconds. Added 0 classes and 0 folders.
[2020.10.26-00.54.45:907][  0]LogLoad: (Engine Initialization) Total time: 86.45 seconds
[2020.10.26-00.54.45:907][  0]LogLoad: (Engine Initialization) Total Blueprint compile time: 0.00 seconds
[2020.10.26-00.54.46:245][  0]LogContentStreaming: Texture pool size now 1000 MB
[2020.10.26-00.54.46:486][  0]LogSlate: Took 0.055258 seconds to synchronously load lazily loaded font '../../../Engine/Content/Slate/Fonts/Roboto-Light.ttf' (167K)
[2020.10.26-00.54.48:699][ 23]LogAssetRegistry: Asset discovery search completed in 53.5365 seconds
[2020.10.26-00.54.48:717][ 23]LogCollectionManager: Rebuilt the object cache for 0 collections in 0.000004 seconds (found 0 objects)
[2020.10.26-00.54.48:734][ 23]LogCollectionManager: Fixed up redirectors for 0 collections in 0.017041 seconds (updated 0 objects)
[2020.10.26-00.56.04:079][296]LogSlate: FSceneViewport::OnFocusLost() reason 5
[2020.10.26-00.56.29:917][565]LogSlate: Window '插件' being destroyed
[2020.10.26-00.56.29:927][565]LogSlate: Window '插件' being destroyed
[2020.10.26-00.56.29:927][565]LogDirectoryWatcher: A directory notification for '../../../Engine/Plugins/' was aborted.
[2020.10.26-00.56.31:669][598]LogSlate: FSceneViewport::OnFocusLost() reason 5
[2020.10.26-00.56.48:173][174]LogSlate: FSceneViewport::OnFocusLost() reason 5
[2020.10.26-00.57.08:183][ 51]LogSlate: FSceneViewport::OnFocusLost() reason 5
[2020.10.26-00.57.09:980][156]LogSlate: FSceneViewport::OnFocusLost() reason 5
[2020.10.26-01.02.46:826][200]LogEditorSessionSummary: EditorSessionSummary sent report. Type=Shutdown, SessionId={6AA47EC7-44F1-4541-98ED-92A407691824}
[2020.10.26-01.06.18:681][833]LogSlate: FSceneViewport::OnFocusLost() reason 5
[2020.10.26-01.13.10:188][476]LogSlate: Window '实时链接' being destroyed
[2020.10.26-01.13.10:230][476]LogSlate: Window '实时链接' being destroyed
[2020.10.26-01.13.11:146][494]LogSlate: FSceneViewport::OnFocusLost() reason 5
[2020.10.26-01.13.14:602][699]LogSlate: FSceneViewport::OnFocusLost() reason 5
[2020.10.26-01.14.07:832][945]LogSlate: Only BGRA pngs, bmps or icos are supported in by External Image Picker
[2020.10.26-01.14.32:361][330]LogSlate: Window '项目设置' being destroyed
[2020.10.26-01.14.32:394][330]LogSlate: Window '项目设置' being destroyed
[2020.10.26-01.14.54:081][461]LogSlate: FSceneViewport::OnFocusLost() reason 2
[2020.10.26-01.16.09:842][467]LogSlate: Window '实时链接' being destroyed
[2020.10.26-01.16.09:879][467]LogSlate: Window '实时链接' being destroyed
[2020.10.26-01.16.10:640][482]LogSlate: FSceneViewport::OnFocusLost() reason 0
[2020.10.26-01.16.11:541][486]LogUObjectHash: Compacting FUObjectHashTables data took  13.18ms
[2020.10.26-01.16.12:428][486]LogSlate: Window 'dongzhanToUE4 - 虚幻编辑器' being destroyed
[2020.10.26-01.16.12:432][486]LogWindowsTextInputMethodSystem: Display: IME system now activated using TSF (搜狗拼音输入法).
[2020.10.26-01.16.13:758][487]Cmd: QUIT_EDITOR
[2020.10.26-01.16.15:404][487]LogExit: Preparing to exit.
[2020.10.26-01.16.21:321][487]LogWorld: UWorld::CleanupWorld for World_0, bSessionEnded=true, bCleanupResources=true
[2020.10.26-01.16.27:853][487]LogWorld: UWorld::CleanupWorld for None, bSessionEnded=true, bCleanupResources=true
[2020.10.26-01.16.27:984][487]LogExit: Editor shut down
[2020.10.26-01.16.28:195][487]LogExit: Transaction tracking system shut down
[2020.10.26-01.16.29:115][487]LogDemo: Cleaned up 0 splitscreen connections with owner deletion
[2020.10.26-01.16.40:020][487]LogExit: Object subsystem successfully closed.
[2020.10.26-01.16.41:444][487]LogShaderCompilers: Display: Shaders left to compile 0
[2020.10.26-01.16.48:535][487]LogModuleManager: Shutting down and abandoning module ExternalImagePicker (692)
[2020.10.26-01.16.48:535][487]LogModuleManager: Shutting down and abandoning module HierarchicalLODOutliner (690)
[2020.10.26-01.16.48:535][487]LogModuleManager: Shutting down and abandoning module SceneOutliner (688)
[2020.10.26-01.16.48:535][487]LogModuleManager: Shutting down and abandoning module AddContentDialog (686)
[2020.10.26-01.16.48:623][487]LogModuleManager: Shutting down and abandoning module WidgetCarousel (685)
[2020.10.26-01.16.48:623][487]LogModuleManager: Shutting down and abandoning module EditorWidgets (682)
[2020.10.26-01.16.48:623][487]LogModuleManager: Shutting down and abandoning module CollectionManager (680)
[2020.10.26-01.16.48:933][487]LogModuleManager: Shutting down and abandoning module MeshBuilder (678)
[2020.10.26-01.16.48:933][487]LogModuleManager: Shutting down and abandoning module StatsViewer (676)
[2020.10.26-01.16.48:974][487]LogModuleManager: Shutting down and abandoning module VirtualTexturingEditor (674)
[2020.10.26-01.16.48:974][487]LogModuleManager: Shutting down and abandoning module FoliageEdit (672)
[2020.10.26-01.16.49:031][487]LogModuleManager: Shutting down and abandoning module LandscapeEditor (670)
[2020.10.26-01.16.49:092][487]LogModuleManager: Shutting down and abandoning module MeshPaintMode (668)
[2020.10.26-01.16.49:092][487]LogModuleManager: Shutting down and abandoning module SceneDepthPickerMode (666)
[2020.10.26-01.16.49:092][487]LogModuleManager: Shutting down and abandoning module ActorPickerMode (664)
[2020.10.26-01.16.49:093][487]LogModuleManager: Shutting down and abandoning module GeometryMode (662)
[2020.10.26-01.16.49:093][487]LogModuleManager: Shutting down and abandoning module TextureAlignMode (660)
[2020.10.26-01.16.49:093][487]LogModuleManager: Shutting down and abandoning module BspMode (658)
[2020.10.26-01.16.49:093][487]LogModuleManager: Shutting down and abandoning module PIEPreviewDeviceProfileSelector (656)
[2020.10.26-01.16.49:111][487]LogModuleManager: Shutting down and abandoning module SequenceRecorderSections (654)
[2020.10.26-01.16.49:132][487]LogModuleManager: Shutting down and abandoning module AutomationWorker (652)
[2020.10.26-01.16.49:132][487]LogModuleManager: Shutting down and abandoning module TakeRecorderSources (650)
[2020.10.26-01.16.49:237][487]LogModuleManager: Shutting down and abandoning module TakeRecorder (649)
[2020.10.26-01.16.49:318][487]LogModuleManager: Shutting down and abandoning module TakeTrackRecorders (646)
[2020.10.26-01.16.49:339][487]LogModuleManager: Shutting down and abandoning module TakesCore (644)
[2020.10.26-01.16.49:408][487]LogModuleManager: Shutting down and abandoning module OculusMR (642)
[2020.10.26-01.16.49:408][487]LogModuleManager: Shutting down and abandoning module AudioCaptureEditor (640)
[2020.10.26-01.16.49:431][487]LogModuleManager: Shutting down and abandoning module MatineeToLevelSequence (638)
[2020.10.26-01.16.49:539][487]LogModuleManager: Shutting down and abandoning module LevelSequenceEditor (636)
[2020.10.26-01.16.49:601][487]LogModuleManager: Shutting down and abandoning module PlacementMode (635)
[2020.10.26-01.16.49:607][487]LogModuleManager: Shutting down and abandoning module MaterialEditor (634)
[2020.10.26-01.16.49:674][487]LogModuleManager: Shutting down and abandoning module ActorSequenceEditor (630)
[2020.10.26-01.16.49:777][487]LogModuleManager: Shutting down and abandoning module WmfMediaFactory (628)
[2020.10.26-01.16.49:777][487]LogModuleManager: Shutting down and abandoning module WmfMediaEditor (626)
[2020.10.26-01.16.49:777][487]LogModuleManager: Shutting down and abandoning module WebMMediaFactory (624)
[2020.10.26-01.16.49:777][487]LogModuleManager: Shutting down and abandoning module WebMMediaEditor (622)
[2020.10.26-01.16.49:777][487]LogModuleManager: Shutting down and abandoning module WebMMedia (620)
[2020.10.26-01.16.49:804][487]LogModuleManager: Shutting down and abandoning module MediaPlayerEditor (618)
[2020.10.26-01.16.49:861][487]LogModuleManager: Shutting down and abandoning module MediaCompositingEditor (616)
[2020.10.26-01.16.49:951][487]LogModuleManager: Shutting down and abandoning module SequenceRecorder (615)
[2020.10.26-01.16.50:156][487]LogModuleManager: Shutting down and abandoning module OpenExrWrapper (612)
[2020.10.26-01.16.50:156][487]LogModuleManager: Shutting down and abandoning module ImgMediaFactory (610)
[2020.10.26-01.16.50:156][487]LogModuleManager: Shutting down and abandoning module ImgMediaEditor (608)
[2020.10.26-01.16.50:156][487]LogModuleManager: Shutting down and abandoning module AvfMediaFactory (606)
[2020.10.26-01.16.50:156][487]LogModuleManager: Shutting down and abandoning module AvfMediaEditor (604)
[2020.10.26-01.16.50:156][487]LogModuleManager: Shutting down and abandoning module AndroidMediaFactory (602)
[2020.10.26-01.16.50:156][487]LogModuleManager: Shutting down and abandoning module AndroidMediaEditor (600)
[2020.10.26-01.16.50:156][487]LogModuleManager: Shutting down and abandoning module MagicLeapCameraPreviewFactory (598)
[2020.10.26-01.16.50:156][487]LogModuleManager: Shutting down and abandoning module MagicLeapMediaCodecFactory (596)
[2020.10.26-01.16.50:195][487]LogModuleManager: Shutting down and abandoning module MagicLeapMediaFactory (594)
[2020.10.26-01.16.50:195][487]LogModuleManager: Shutting down and abandoning module MagicLeapMediaEditor (592)
[2020.10.26-01.16.50:195][487]LogModuleManager: Shutting down and abandoning module CharacterAI (590)
[2020.10.26-01.16.50:195][487]LogModuleManager: Shutting down and abandoning module SmartSnapping (588)
[2020.10.26-01.16.50:195][487]LogModuleManager: Shutting down and abandoning module SessionServices (586)
[2020.10.26-01.16.50:195][487]LogModuleManager: Shutting down and abandoning module MeshPaint (584)
[2020.10.26-01.16.50:230][487]LogModuleManager: Shutting down and abandoning module ViewportSnapping (582)
[2020.10.26-01.16.50:230][487]LogModuleManager: Shutting down and abandoning module ViewportInteraction (580)
[2020.10.26-01.16.50:261][487]LogModuleManager: Shutting down and abandoning module ClothPainter (578)
[2020.10.26-01.16.50:299][487]LogModuleManager: Shutting down and abandoning module SkeletalMeshEditor (577)
[2020.10.26-01.16.50:318][487]LogModuleManager: Shutting down and abandoning module LogVisualizer (574)
[2020.10.26-01.16.50:353][487]LogModuleManager: Shutting down and abandoning module IntroTutorials (572)
[2020.10.26-01.16.50:508][487]LogModuleManager: Shutting down and abandoning module GameProjectGeneration (571)
[2020.10.26-01.16.50:544][487]LogModuleManager: Shutting down and abandoning module LuminPlatformEditor (568)
[2020.10.26-01.16.50:544][487]LogModuleManager: Shutting down and abandoning module IOSPlatformEditor (566)
[2020.10.26-01.16.50:544][487]LogModuleManager: Shutting down and abandoning module HTML5PlatformEditor (564)
[2020.10.26-01.16.50:545][487]LogModuleManager: Shutting down and abandoning module AndroidPlatformEditor (562)
[2020.10.26-01.16.50:545][487]LogModuleManager: Shutting down and abandoning module AndroidDeviceDetection (561)
[2020.10.26-01.16.51:524][487]LogModuleManager: Shutting down and abandoning module WindowsPlatformEditor (558)
[2020.10.26-01.16.51:524][487]LogModuleManager: Shutting down and abandoning module LuminRuntimeSettings (556)
[2020.10.26-01.16.51:524][487]LogModuleManager: Shutting down and abandoning module IOSRuntimeSettings (554)
[2020.10.26-01.16.51:524][487]LogModuleManager: Shutting down and abandoning module AndroidRuntimeSettings (552)
[2020.10.26-01.16.51:524][487]LogModuleManager: Shutting down and abandoning module TimeManagementEditor (550)
[2020.10.26-01.16.51:524][487]LogModuleManager: Shutting down and abandoning module InputBindingEditor (548)
[2020.10.26-01.16.51:562][487]LogModuleManager: Shutting down and abandoning module MergeActors (546)
[2020.10.26-01.16.51:856][487]LogModuleManager: Shutting down and abandoning module LocalizationDashboard (544)
[2020.10.26-01.16.51:869][487]LogModuleManager: Shutting down and abandoning module LocalizationService (543)
[2020.10.26-01.16.51:888][487]LogModuleManager: Shutting down and abandoning module HardwareTargeting (540)
[2020.10.26-01.16.51:888][487]LogModuleManager: Shutting down and abandoning module DeviceProfileEditor (538)
[2020.10.26-01.16.51:910][487]LogModuleManager: Shutting down and abandoning module UndoHistory (536)
[2020.10.26-01.16.51:929][487]LogModuleManager: Shutting down and abandoning module XmlParser (534)
[2020.10.26-01.16.51:938][487]LogModuleManager: Shutting down and abandoning module Blutility (532)
[2020.10.26-01.16.51:945][487]LogModuleManager: Shutting down and abandoning module ProjectSettingsViewer (530)
[2020.10.26-01.16.51:945][487]LogModuleManager: Shutting down and abandoning module ProjectTargetPlatformEditor (529)
[2020.10.26-01.16.52:293][487]LogModuleManager: Shutting down and abandoning module EditorSettingsViewer (526)
[2020.10.26-01.16.52:294][487]LogModuleManager: Shutting down and abandoning module SettingsEditor (524)
[2020.10.26-01.16.52:337][487]LogModuleManager: Shutting down and abandoning module ProjectLauncher (522)
[2020.10.26-01.16.52:341][487]LogModuleManager: Shutting down and abandoning module SessionFrontend (520)
[2020.10.26-01.16.52:350][487]LogModuleManager: Shutting down and abandoning module ProfilerClient (518)
[2020.10.26-01.16.52:359][487]LogModuleManager: Shutting down and abandoning module DeviceManager (516)
[2020.10.26-01.16.52:368][487]LogModuleManager: Shutting down and abandoning module TargetDeviceServices (515)
[2020.10.26-01.16.52:422][487]LogModuleManager: Shutting down and abandoning module AutomationController (512)
[2020.10.26-01.16.52:446][487]LogModuleManager: Shutting down and abandoning module AutomationWindow (510)
[2020.10.26-01.16.52:461][487]LogModuleManager: Shutting down and abandoning module Layers (508)
[2020.10.26-01.16.52:580][487]LogModuleManager: Shutting down and abandoning module ComponentVisualizers (506)
[2020.10.26-01.16.52:580][487]LogModuleManager: Shutting down and abandoning module DetailCustomizations (504)
[2020.10.26-01.16.52:605][487]LogModuleManager: Shutting down and abandoning module PackagesDialog (502)
[2020.10.26-01.16.52:627][487]LogModuleManager: Shutting down and abandoning module AnimationBlueprintEditor (500)
[2020.10.26-01.16.52:753][487]LogModuleManager: Shutting down and abandoning module Persona (498)
[2020.10.26-01.16.53:294][487]LogModuleManager: Shutting down and abandoning module AdvancedPreviewScene (497)
[2020.10.26-01.16.53:303][487]LogModuleManager: Shutting down and abandoning module AnimGraph (495)
[2020.10.26-01.16.53:304][487]LogModuleManager: Shutting down and abandoning module Kismet (492)
[2020.10.26-01.16.53:432][487]LogModuleManager: Shutting down and abandoning module KismetWidgets (491)
[2020.10.26-01.16.53:439][487]LogModuleManager: Shutting down and abandoning module GraphEditor (488)
[2020.10.26-01.16.53:556][487]LogModuleManager: Shutting down and abandoning module StructViewer (486)
[2020.10.26-01.16.53:556][487]LogModuleManager: Shutting down and abandoning module ClassViewer (484)
[2020.10.26-01.16.53:556][487]LogModuleManager: Shutting down and abandoning module Toolbox (482)
[2020.10.26-01.16.53:556][487]LogModuleManager: Shutting down and abandoning module ModuleUI (480)
[2020.10.26-01.16.53:568][487]LogModuleManager: Shutting down and abandoning module MovieSceneTools (478)
[2020.10.26-01.16.53:655][487]LogModuleManager: Shutting down and abandoning module OutputLog (476)
[2020.10.26-01.16.53:691][487]LogModuleManager: Shutting down and abandoning module GammaUI (474)
[2020.10.26-01.16.53:751][487]LogModuleManager: Shutting down and abandoning module Documentation (472)
[2020.10.26-01.16.53:751][487]LogModuleManager: Shutting down and abandoning module LiveCoding (470)
[2020.10.26-01.16.53:789][487]LogModuleManager: Shutting down and abandoning module LevelSequence (468)
[2020.10.26-01.16.53:789][487]LogModuleManager: Shutting down and abandoning module MovieSceneTracks (466)
[2020.10.26-01.16.53:817][487]LogModuleManager: Shutting down and abandoning module MovieScene (464)
[2020.10.26-01.16.53:852][487]LogModuleManager: Shutting down and abandoning module StreamingPauseRendering (462)
[2020.10.26-01.16.53:862][487]LogModuleManager: Shutting down and abandoning module LauncherPlatform (460)
[2020.10.26-01.16.53:862][487]LogModuleManager: Shutting down and abandoning module AnalyticsET (458)
[2020.10.26-01.16.53:862][487]LogModuleManager: Shutting down and abandoning module PortalServices (456)
[2020.10.26-01.16.53:862][487]LogModuleManager: Shutting down and abandoning module PortalRpc (454)
[2020.10.26-01.16.53:862][487]LogModuleManager: Shutting down and abandoning module MessagingRpc (452)
[2020.10.26-01.16.53:862][487]LogModuleManager: Shutting down and abandoning module AIModule (450)
[2020.10.26-01.16.53:882][487]LogModuleManager: Shutting down and abandoning module GameplayDebugger (449)
[2020.10.26-01.16.53:882][487]LogModuleManager: Shutting down and abandoning module AITestSuite (447)
[2020.10.26-01.16.53:897][487]LogModuleManager: Shutting down and abandoning module NavigationSystem (445)
[2020.10.26-01.16.53:904][487]LogModuleManager: Shutting down and abandoning module DesktopPlatform (442)
[2020.10.26-01.16.53:904][487]LogModuleManager: Shutting down and abandoning module ImageWriteQueue (440)
[2020.10.26-01.16.53:908][487]LogModuleManager: Shutting down and abandoning module ProfilerService (438)
[2020.10.26-01.16.54:207][487]LogModuleManager: Shutting down and abandoning module TaskGraph (436)
[2020.10.26-01.16.54:348][487]LogModuleManager: Shutting down and abandoning module ScreenshotTools (434)
[2020.10.26-01.16.54:348][487]LogModuleManager: Shutting down and abandoning module SteamVRController (432)
[2020.10.26-01.16.54:348][487]LogModuleManager: Shutting down and abandoning module ProceduralMeshComponentEditor (430)
[2020.10.26-01.16.54:348][487]LogModuleManager: Shutting down and abandoning module ProceduralMeshComponent (428)
[2020.10.26-01.16.54:352][487]LogModuleManager: Shutting down and abandoning module OculusEditor (426)
[2020.10.26-01.16.54:421][487]LogModuleManager: Shutting down and abandoning module OculusInput (424)
[2020.10.26-01.16.54:421][487]LogModuleManager: Shutting down and abandoning module MobilePatchingUtils (422)
[2020.10.26-01.16.54:421][487]LogModuleManager: Shutting down and abandoning module EditableMesh (420)
[2020.10.26-01.16.54:428][487]LogModuleManager: Shutting down and abandoning module CustomMeshComponent (418)
[2020.10.26-01.16.54:428][487]LogModuleManager: Shutting down and abandoning module CableComponent (416)
[2020.10.26-01.16.54:428][487]LogModuleManager: Shutting down and abandoning module AudioCapture (414)
[2020.10.26-01.16.54:428][487]LogModuleManager: Shutting down and abandoning module ArchVisCharacter (412)
[2020.10.26-01.16.54:428][487]LogModuleManager: Shutting down and abandoning module AppleImageUtilsBlueprintSupport (410)
[2020.10.26-01.16.54:428][487]LogModuleManager: Shutting down and abandoning module AppleImageUtils (408)
[2020.10.26-01.16.54:428][487]LogModuleManager: Shutting down and abandoning module AndroidPermission (406)
[2020.10.26-01.16.54:428][487]LogModuleManager: Shutting down and abandoning module NUTUnrealEngine4 (404)
[2020.10.26-01.16.54:432][487]LogModuleManager: Shutting down and abandoning module NetcodeUnitTest (402)
[2020.10.26-01.16.54:451][487]LogModuleManager: Shutting down and abandoning module MediaCompositing (400)
[2020.10.26-01.16.54:451][487]LogModuleManager: Shutting down and abandoning module ImgMedia (398)
[2020.10.26-01.16.54:456][487]LogModuleManager: Shutting down and abandoning module MagicLeapHelperVulkan (396)
[2020.10.26-01.16.54:456][487]LogModuleManager: Shutting down and abandoning module MagicLeapHelperOpenGL (394)
[2020.10.26-01.16.54:456][487]LogModuleManager: Shutting down and abandoning module MagicLeapAudio (392)
[2020.10.26-01.16.54:459][487]LogModuleManager: Shutting down and abandoning module HTML5Networking (390)
[2020.10.26-01.16.54:459][487]LogModuleManager: Shutting down and abandoning module GeometryCacheTracks (388)
[2020.10.26-01.16.54:459][487]LogModuleManager: Shutting down and abandoning module GeometryCacheSequencer (386)
[2020.10.26-01.16.54:470][487]LogModuleManager: Shutting down and abandoning module BackChannel (384)
[2020.10.26-01.16.54:501][487]LogModuleManager: Shutting down and abandoning module AutomationUtilsEditor (382)
[2020.10.26-01.16.54:501][487]LogModuleManager: Shutting down and abandoning module AutomationUtils (380)
[2020.10.26-01.16.54:524][487]LogModuleManager: Shutting down and abandoning module AlembicImporter (378)
[2020.10.26-01.16.54:539][487]LogModuleManager: Shutting down and abandoning module AlembicLibrary (377)
[2020.10.26-01.16.54:539][487]LogModuleManager: Shutting down and abandoning module GeometryCache (376)
[2020.10.26-01.16.54:539][487]LogModuleManager: Shutting down and abandoning module GeometryCacheEd (375)
[2020.10.26-01.16.54:539][487]LogModuleManager: Shutting down and abandoning module VariantManagerContent (370)
[2020.10.26-01.16.54:674][487]LogModuleManager: Shutting down and abandoning module DatasmithContentEditor (368)
[2020.10.26-01.16.54:674][487]LogModuleManager: Shutting down and abandoning module SpeedTreeImporter (366)
[2020.10.26-01.16.54:674][487]LogModuleManager: Shutting down and abandoning module PluginBrowser (364)
[2020.10.26-01.16.54:719][487]LogModuleManager: Shutting down and abandoning module MobileLauncherProfileWizard (362)
[2020.10.26-01.16.54:753][487]LogModuleManager: Shutting down and abandoning module MaterialAnalyzer (360)
[2020.10.26-01.16.54:768][487]LogModuleManager: Shutting down and abandoning module CurveEditorTools (358)
[2020.10.26-01.16.54:799][487]LogModuleManager: Shutting down and abandoning module CurveEditor (357)
[2020.10.26-01.16.54:856][487]LogModuleManager: Shutting down and abandoning module CryptoKeysOpenSSL (354)
[2020.10.26-01.16.54:856][487]LogModuleManager: Shutting down and abandoning module CryptoKeys (352)
[2020.10.26-01.16.54:856][487]LogModuleManager: Shutting down and abandoning module VisualStudioSourceCodeAccess (350)
[2020.10.26-01.16.54:898][487]LogModuleManager: Shutting down and abandoning module VisualStudioCodeSourceCodeAccess (348)
[2020.10.26-01.16.54:898][487]LogModuleManager: Shutting down and abandoning module UObjectPlugin (346)
[2020.10.26-01.16.54:898][487]LogModuleManager: Shutting down and abandoning module SubversionSourceControl (344)
[2020.10.26-01.16.54:966][487]LogModuleManager: Shutting down and abandoning module PerforceSourceControl (342)
[2020.10.26-01.16.55:014][487]LogModuleManager: Shutting down and abandoning module GitSourceControl (340)
[2020.10.26-01.16.55:038][487]LogModuleManager: Shutting down and abandoning module SourceControl (339)
[2020.10.26-01.16.55:060][487]LogModuleManager: Shutting down and abandoning module CLionSourceCodeAccess (336)
[2020.10.26-01.16.55:060][487]LogModuleManager: Shutting down and abandoning module AnimationSharingEd (334)
[2020.10.26-01.16.55:060][487]LogModuleManager: Shutting down and abandoning module ActorLayerUtilitiesEditor (332)
[2020.10.26-01.16.55:060][487]LogModuleManager: Shutting down and abandoning module ActorLayerUtilities (330)
[2020.10.26-01.16.55:060][487]LogModuleManager: Shutting down and abandoning module LightPropagationVolumeEditor (328)
[2020.10.26-01.16.55:060][487]LogModuleManager: Shutting down and abandoning module LiveLinkSequencer (326)
[2020.10.26-01.16.55:082][487]LogModuleManager: Shutting down and abandoning module LiveLinkMovieScene (324)
[2020.10.26-01.16.55:082][487]LogModuleManager: Shutting down and abandoning module LiveLinkGraphNode (322)
[2020.10.26-01.16.55:082][487]LogModuleManager: Shutting down and abandoning module LiveLinkEditor (320)
[2020.10.26-01.16.55:082][487]LogModuleManager: Shutting down and abandoning module LiveLinkComponents (318)
[2020.10.26-01.16.55:082][487]LogModuleManager: Shutting down and abandoning module LiveLink (316)
[2020.10.26-01.16.55:832][487]LogModuleManager: Shutting down and abandoning module PaperTiledImporter (314)
[2020.10.26-01.16.55:832][487]LogModuleManager: Shutting down and abandoning module PaperSpriteSheetImporter (312)
[2020.10.26-01.16.55:853][487]LogModuleManager: Shutting down and abandoning module Paper2DEditor (310)
[2020.10.26-01.16.55:919][487]LogModuleManager: Shutting down and abandoning module SignificanceManager (308)
[2020.10.26-01.16.55:919][487]LogModuleManager: Shutting down and abandoning module RuntimePhysXCooking (306)
[2020.10.26-01.16.55:919][487]LogModuleManager: Shutting down and abandoning module PhysXVehiclesEditor (304)
[2020.10.26-01.16.55:919][487]LogModuleManager: Shutting down and abandoning module LocationServicesBPLibrary (300)
[2020.10.26-01.16.55:919][487]LogModuleManager: Shutting down and abandoning module ActorSequence (298)
[2020.10.26-01.16.55:919][487]LogModuleManager: Shutting down and abandoning module UdpMessaging (296)
[2020.10.26-01.16.56:019][487]LogModuleManager: Shutting down and abandoning module TcpMessaging (294)
[2020.10.26-01.16.56:163][487]LogModuleManager: Shutting down and abandoning module MagicLeapIdentity (292)
[2020.10.26-01.16.56:163][487]LogModuleManager: Shutting down and abandoning module MagicLeapSecureStorage (290)
[2020.10.26-01.16.56:163][487]LogModuleManager: Shutting down and abandoning module MagicLeapHandTracking (288)
[2020.10.26-01.16.56:185][487]LogModuleManager: Shutting down and abandoning module MagicLeapEyeTracker (286)
[2020.10.26-01.16.56:185][487]LogModuleManager: Shutting down and abandoning module MagicLeapController (284)
[2020.10.26-01.16.56:192][487]LogSlate: Slate User Destroyed.  User Index 0, Is Virtual User: 0
[2020.10.26-01.16.56:192][487]LogModuleManager: Shutting down and abandoning module MagicLeapAR (282)
[2020.10.26-01.16.56:205][487]LogModuleManager: Shutting down and abandoning module AugmentedReality (281)
[2020.10.26-01.16.56:205][487]LogModuleManager: Shutting down and abandoning module GameplayTagsEditor (278)
[2020.10.26-01.16.56:205][487]LogModuleManager: Shutting down and abandoning module FacialAnimationEditor (276)
[2020.10.26-01.16.56:213][487]LogModuleManager: Shutting down and abandoning module FacialAnimation (274)
[2020.10.26-01.16.56:213][487]LogModuleManager: Shutting down and abandoning module DataValidation (272)
[2020.10.26-01.16.56:221][487]LogModuleManager: Shutting down and abandoning module AssetManagerEditor (270)
[2020.10.26-01.16.56:242][487]LogModuleManager: Shutting down and abandoning module LevelEditor (269)
[2020.10.26-01.16.56:611][487]LogModuleManager: Shutting down and abandoning module PixelInspectorModule (268)
[2020.10.26-01.16.56:631][487]LogModuleManager: Shutting down and abandoning module CommonMenuExtensions (266)
[2020.10.26-01.16.56:652][487]LogModuleManager: Shutting down and abandoning module MainFrame (264)
[2020.10.26-01.16.56:667][487]LogModuleManager: Shutting down and abandoning module HotReload (263)
[2020.10.26-01.16.56:696][487]LogModuleManager: Shutting down and abandoning module ContentBrowser (259)
[2020.10.26-01.16.56:704][487]LogModuleManager: Shutting down and abandoning module TreeMap (257)
[2020.10.26-01.16.56:713][487]LogModuleManager: Shutting down and abandoning module AnimationSharing (254)
[2020.10.26-01.16.56:713][487]LogModuleManager: Shutting down and abandoning module LightPropagationVolumeRuntime (252)
[2020.10.26-01.16.56:713][487]LogModuleManager: Shutting down and abandoning module Paper2D (250)
[2020.10.26-01.16.56:864][487]LogModuleManager: Shutting down and abandoning module WindowsMoviePlayer (248)
[2020.10.26-01.16.56:915][487]LogModuleManager: Shutting down and abandoning module WebMMoviePlayer (246)
[2020.10.26-01.16.56:924][487]LogModuleManager: Shutting down and abandoning module NetworkReplayStreaming (244)
[2020.10.26-01.16.56:925][487]LogModuleManager: Shutting down and abandoning module PacketHandler (242)
[2020.10.26-01.16.56:925][487]LogModuleManager: Shutting down and abandoning module ClothingSystemEditor (240)
[2020.10.26-01.16.56:925][487]LogModuleManager: Shutting down and abandoning module ClothingSystemRuntime (238)
[2020.10.26-01.16.56:999][487]LogModuleManager: Shutting down and abandoning module MediaAssets (236)
[2020.10.26-01.16.57:008][487]LogModuleManager: Shutting down and abandoning module Overlay (234)
[2020.10.26-01.16.57:008][487]LogModuleManager: Shutting down and abandoning module OverlayEditor (233)
[2020.10.26-01.16.57:008][487]LogModuleManager: Shutting down and abandoning module VREditor (230)
[2020.10.26-01.16.57:039][487]LogModuleManager: Shutting down and abandoning module StringTableEditor (228)
[2020.10.26-01.16.57:050][487]LogModuleManager: Shutting down and abandoning module GameplayTasksEditor (226)
[2020.10.26-01.16.57:050][487]LogModuleManager: Shutting down and abandoning module BehaviorTreeEditor (224)
[2020.10.26-01.16.57:102][487]LogModuleManager: Shutting down and abandoning module FunctionalTesting (222)
[2020.10.26-01.16.57:125][487]LogModuleManager: Shutting down and abandoning module CollisionAnalyzer (220)
[2020.10.26-01.16.57:213][487]LogModuleManager: Shutting down and abandoning module WorkspaceMenuStructure (219)
[2020.10.26-01.16.57:219][487]LogModuleManager: Shutting down and abandoning module UMG (216)
[2020.10.26-01.16.57:277][487]LogModuleManager: Shutting down and abandoning module UMGEditor (215)
[2020.10.26-01.16.57:351][487]LogModuleManager: Shutting down and abandoning module Sequencer (214)
[2020.10.26-01.16.57:477][487]LogModuleManager: Shutting down and abandoning module MessageLog (211)
[2020.10.26-01.16.57:477][487]LogModuleManager: Shutting down and abandoning module SlateReflector (206)
[2020.10.26-01.16.57:563][487]LogModuleManager: Shutting down and abandoning module Slate (204)
[2020.10.26-01.16.57:563][487]LogModuleManager: Shutting down and abandoning module LandscapeEditorUtilities (202)
[2020.10.26-01.16.57:563][487]LogModuleManager: Shutting down and abandoning module EditorStyle (200)
[2020.10.26-01.16.57:711][487]LogModuleManager: Shutting down and abandoning module UnrealEd (198)
[2020.10.26-01.16.57:725][487]LogModuleManager: Shutting down and abandoning module MRMesh (196)
[2020.10.26-01.16.57:725][487]LogModuleManager: Shutting down and abandoning module SourceCodeAccess (194)
[2020.10.26-01.16.57:725][487]LogModuleManager: Shutting down and abandoning module HeadMountedDisplay (192)
[2020.10.26-01.16.57:777][487]LogModuleManager: Shutting down and abandoning module XAudio2 (190)
[2020.10.26-01.16.57:778][487]LogModuleManager: Shutting down and abandoning module Networking (188)
[2020.10.26-01.16.57:778][487]LogModuleManager: Shutting down and abandoning module Core (186)
[2020.10.26-01.16.57:778][487]LogModuleManager: Shutting down and abandoning module KismetCompiler (184)
[2020.10.26-01.16.57:784][487]LogModuleManager: Shutting down and abandoning module MeshUtilities (182)
[2020.10.26-01.16.57:794][487]LogModuleManager: Shutting down and abandoning module MeshMergeUtilities (181)
[2020.10.26-01.16.57:810][487]LogModuleManager: Shutting down and abandoning module MeshReductionInterface (180)
[2020.10.26-01.16.57:810][487]LogModuleManager: Shutting down and abandoning module SkeletalMeshReduction (179)
[2020.10.26-01.16.57:818][487]LogModuleManager: Shutting down and abandoning module ProxyLODMeshReduction (177)
[2020.10.26-01.16.57:846][487]LogModuleManager: Shutting down and abandoning module QuadricMeshReduction (175)
[2020.10.26-01.16.57:887][487]LogModuleManager: Shutting down and abandoning module MaterialBaking (171)
[2020.10.26-01.16.57:961][487]LogModuleManager: Shutting down and abandoning module NullInstallBundleManager (166)
[2020.10.26-01.16.57:961][487]LogModuleManager: Shutting down and abandoning module DerivedDataCache (164)
[2020.10.26-01.16.57:961][487]LogDerivedDataCache: Shutdown
[2020.10.26-01.16.57:973][487]LogModuleManager: Shutting down and abandoning module XGEController (162)
[2020.10.26-01.16.58:005][487]LogModuleManager: Shutting down and abandoning module TargetPlatform (160)
[2020.10.26-01.16.58:014][487]LogModuleManager: Shutting down and abandoning module VulkanShaderFormat (159)
[2020.10.26-01.16.58:024][487]LogModuleManager: Shutting down and abandoning module ShaderFormatVectorVM (157)
[2020.10.26-01.16.58:040][487]LogModuleManager: Shutting down and abandoning module ShaderFormatOpenGL (155)
[2020.10.26-01.16.58:048][487]LogModuleManager: Shutting down and abandoning module ShaderFormatD3D (153)
[2020.10.26-01.16.58:056][487]LogModuleManager: Shutting down and abandoning module MetalShaderFormat (151)
[2020.10.26-01.16.58:077][487]LogModuleManager: Shutting down and abandoning module TextureFormatUncompressed (149)
[2020.10.26-01.16.58:077][487]LogModuleManager: Shutting down and abandoning module TextureFormatPVR (147)
[2020.10.26-01.16.58:077][487]LogModuleManager: Shutting down and abandoning module TextureFormatDXT (145)
[2020.10.26-01.16.58:086][487]LogModuleManager: Shutting down and abandoning module TextureFormatIntelISPCTexComp (143)
[2020.10.26-01.16.58:118][487]LogModuleManager: Shutting down and abandoning module TextureFormatASTC (141)
[2020.10.26-01.16.58:119][487]LogModuleManager: Shutting down and abandoning module ImageWrapper (140)
[2020.10.26-01.16.58:119][487]LogModuleManager: Shutting down and abandoning module TextureFormatAndroid (137)
[2020.10.26-01.16.58:119][487]LogModuleManager: Shutting down and abandoning module AudioFormatOpus (135)
[2020.10.26-01.16.58:133][487]LogModuleManager: Shutting down and abandoning module AudioFormatOgg (133)
[2020.10.26-01.16.58:157][487]LogModuleManager: Shutting down and abandoning module AudioFormatADPCM (131)
[2020.10.26-01.16.58:158][487]LogModuleManager: Shutting down and abandoning module LuminTargetPlatform (129)
[2020.10.26-01.16.58:349][487]LogModuleManager: Shutting down and abandoning module LinuxTargetPlatform (127)
[2020.10.26-01.16.58:350][487]LogModuleManager: Shutting down and abandoning module LinuxServerTargetPlatform (125)
[2020.10.26-01.16.58:378][487]LogModuleManager: Shutting down and abandoning module LinuxNoEditorTargetPlatform (123)
[2020.10.26-01.16.58:460][487]LogModuleManager: Shutting down and abandoning module LinuxClientTargetPlatform (121)
[2020.10.26-01.16.58:501][487]LogModuleManager: Shutting down and abandoning module TVOSTargetPlatform (119)
[2020.10.26-01.16.58:534][487]LogModuleManager: Shutting down and abandoning module Messaging (117)
[2020.10.26-01.16.58:534][487]LogModuleManager: Shutting down and abandoning module IOSTargetPlatform (115)
[2020.10.26-01.16.58:541][487]LogModuleManager: Shutting down and abandoning module HTML5TargetPlatform (113)
[2020.10.26-01.16.58:541][487]LogModuleManager: Shutting down and abandoning module AndroidTargetPlatform (111)
[2020.10.26-01.16.58:595][487]LogModuleManager: Shutting down and abandoning module WindowsTargetPlatform (109)
[2020.10.26-01.16.58:595][487]LogModuleManager: Shutting down and abandoning module WindowsServerTargetPlatform (107)
[2020.10.26-01.16.58:595][487]LogModuleManager: Shutting down and abandoning module WindowsNoEditorTargetPlatform (105)
[2020.10.26-01.16.58:595][487]LogModuleManager: Shutting down and abandoning module WindowsClientTargetPlatform (103)
[2020.10.26-01.16.58:611][487]LogModuleManager: Shutting down and abandoning module MacTargetPlatform (101)
[2020.10.26-01.16.58:612][487]LogModuleManager: Shutting down and abandoning module MacServerTargetPlatform (99)
[2020.10.26-01.16.58:612][487]LogModuleManager: Shutting down and abandoning module MacNoEditorTargetPlatform (97)
[2020.10.26-01.16.58:612][487]LogModuleManager: Shutting down and abandoning module MacClientTargetPlatform (95)
[2020.10.26-01.16.58:612][487]LogModuleManager: Shutting down and abandoning module AllDesktopTargetPlatform (93)
[2020.10.26-01.16.58:617][487]LogModuleManager: Shutting down and abandoning module InputCore (90)
[2020.10.26-01.16.58:617][487]LogModuleManager: Shutting down and abandoning module Settings (88)
[2020.10.26-01.16.58:618][487]LogModuleManager: Shutting down and abandoning module DirectoryWatcher (86)
[2020.10.26-01.16.58:621][487]LogModuleManager: Shutting down and abandoning module PhysXCooking (84)
[2020.10.26-01.16.58:621][487]LogModuleManager: Shutting down and abandoning module WindowsPlatformFeatures (82)
[2020.10.26-01.16.58:621][487]LogModuleManager: Shutting down and abandoning module GameplayMediaEncoder (81)
[2020.10.26-01.16.58:641][487]LogModuleManager: Shutting down and abandoning module SteamVR (78)
[2020.10.26-01.16.58:658][487]LogHMD: Freeing OpenVRDLLHandle.
[2020.10.26-01.16.58:666][487]LogModuleManager: Shutting down and abandoning module OculusHMD (76)
[2020.10.26-01.16.58:701][487]LogModuleManager: Shutting down and abandoning module ExampleDeviceProfileSelector (74)
[2020.10.26-01.16.58:701][487]LogModuleManager: Shutting down and abandoning module LauncherChunkInstaller (72)
[2020.10.26-01.16.58:701][487]LogModuleManager: Shutting down and abandoning module OnlineBlueprintSupport (70)
[2020.10.26-01.16.58:701][487]LogModuleManager: Shutting down and abandoning module OnlineSubsystem (66)
[2020.10.26-01.16.58:861][487]LogModuleManager: Shutting down and abandoning module XMPP (61)
[2020.10.26-01.16.58:896][487]LogModuleManager: Shutting down and abandoning module WebSockets (60)
[2020.10.26-01.16.59:097][487]LogModuleManager: Shutting down and abandoning module HTTP (57)
[2020.10.26-01.16.59:097][487]LogHttp: Display: Http module shutting down, but needs to wait on 1 outstanding Http requests:
[2020.10.26-01.16.59:097][487]LogHttp: Display: 	verb=[POST] url=[https://datarouter.ol.epicgames.com/datarouter/api/v1/public/data?SessionID=%7BCBA27CEA-4B6B-C0DC-CC09-43A81CA19378%7D&AppID=UEEditor.Rocket.Release&AppVersion=4.23.1-9631420%2B%2B%2BUE4%2BRelease-4.23&UserID=2586506d47fae4adbf98c685e5379f39%7C8f4152f68a7c4ab8995455547e1271ee%7C05a796e4-baee-4720-970a-6233b069501b&AppEnvironment=datacollector-binary&UploadType=eteventstream] status=Processing
[2020.10.26-01.16.59:107][487]LogModuleManager: Shutting down and abandoning module SSL (56)
[2020.10.26-01.16.59:143][487]LogModuleManager: Shutting down and abandoning module WmfMedia (52)
[2020.10.26-01.16.59:202][487]LogModuleManager: Shutting down and abandoning module Media (51)
[2020.10.26-01.16.59:203][487]LogModuleManager: Shutting down and abandoning module MagicLeap (48)
[2020.10.26-01.16.59:251][487]LogModuleManager: Shutting down and abandoning module DatasmithContent (46)
[2020.10.26-01.16.59:251][487]LogModuleManager: Shutting down and abandoning module AISupportModule (44)
[2020.10.26-01.16.59:251][487]LogModuleManager: Shutting down and abandoning module PlatformCryptoOpenSSL (42)
[2020.10.26-01.16.59:274][487]LogModuleManager: Shutting down and abandoning module PlatformCrypto (40)
[2020.10.26-01.16.59:274][487]LogModuleManager: Shutting down and abandoning module AnimationModifiers (38)
[2020.10.26-01.16.59:378][487]LogModuleManager: Shutting down and abandoning module PropertyEditor (37)
[2020.10.26-01.16.59:452][487]LogModuleManager: Shutting down and abandoning module AudioEditor (34)
[2020.10.26-01.16.59:505][487]LogModuleManager: Shutting down and abandoning module TextureCompressor (32)
[2020.10.26-01.16.59:554][487]LogModuleManager: Shutting down and abandoning module RenderCore (30)
[2020.10.26-01.16.59:554][487]LogModuleManager: Shutting down and abandoning module Landscape (28)
[2020.10.26-01.16.59:560][487]LogModuleManager: Shutting down and abandoning module SlateRHIRenderer (26)
[2020.10.26-01.16.59:896][487]LogModuleManager: Shutting down and abandoning module OpenGLDrv (24)
[2020.10.26-01.16.59:935][487]LogModuleManager: Shutting down and abandoning module D3D11RHI (22)
[2020.10.26-01.16.59:936][487]LogModuleManager: Shutting down and abandoning module AnimGraphRuntime (20)
[2020.10.26-01.16.59:947][487]LogModuleManager: Shutting down and abandoning module Renderer (18)
[2020.10.26-01.17.00:038][487]LogModuleManager: Shutting down and abandoning module Engine (16)
[2020.10.26-01.17.00:063][487]LogModuleManager: Shutting down and abandoning module CoreUObject (14)
[2020.10.26-01.17.00:063][487]LogModuleManager: Shutting down and abandoning module NetworkFile (12)
[2020.10.26-01.17.00:068][487]LogModuleManager: Shutting down and abandoning module CookedIterativeFile (10)
[2020.10.26-01.17.00:068][487]LogModuleManager: Shutting down and abandoning module StreamingFile (8)
[2020.10.26-01.17.00:185][487]LogModuleManager: Shutting down and abandoning module SandboxFile (6)
[2020.10.26-01.17.00:185][487]LogModuleManager: Shutting down and abandoning module PakFile (4)
[2020.10.26-01.17.00:284][487]LogModuleManager: Shutting down and abandoning module RSA (3)
[2020.10.26-01.17.00:297][487]LogD3D11RHI: Shutdown
[2020.10.26-01.17.00:302][487]LogD3D11RHI: CleanupD3DDevice
[2020.10.26-01.17.00:554][487]LogRendererCore: FGlobalDynamicReadBuffer::Cleanup()
[2020.10.26-01.17.00:567][487]LogRendererCore: FGlobalDynamicReadBuffer::Cleanup()
[2020.10.26-01.17.00:567][487]LogRendererCore: FGlobalDynamicReadBuffer::Cleanup()
[2020.10.26-01.17.00:786][487]LogD3D11RHI: [IntelMetricsDiscovery] Stopped
[2020.10.26-01.17.00:886][487]LogD3D11RHI: ~FD3D11DynamicRHI
[2020.10.26-01.17.00:939][487]LogExit: Exiting.
[2020.10.26-01.17.00:993][487]Log file closed, 10/26/20 09:17:00
